[2025-10-06T18:18:51.362+0000] {processor.py:161} INFO - Started process (PID=89) to work on /opt/airflow/dags/airflow.py
[2025-10-06T18:18:51.364+0000] {processor.py:830} INFO - Processing file /opt/airflow/dags/airflow.py for tasks to queue
[2025-10-06T18:18:51.367+0000] {logging_mixin.py:188} INFO - [2025-10-06T18:18:51.366+0000] {dagbag.py:545} INFO - Filling up the DagBag from /opt/airflow/dags/airflow.py
[2025-10-06T18:18:51.375+0000] {logging_mixin.py:188} INFO - [2025-10-06T18:18:51.374+0000] {dagbag.py:355} ERROR - Failed to import: /opt/airflow/dags/airflow.py
Traceback (most recent call last):
  File "/home/airflow/.local/lib/python3.12/site-packages/airflow/models/dagbag.py", line 351, in parse
    loader.exec_module(new_module)
  File "<frozen importlib._bootstrap_external>", line 995, in exec_module
  File "<frozen importlib._bootstrap>", line 488, in _call_with_frames_removed
  File "/opt/airflow/dags/airflow.py", line 4, in <module>
    from airflow.providers.standard.operators.python import PythonOperator
ModuleNotFoundError: No module named 'airflow.providers.standard'
[2025-10-06T18:18:51.375+0000] {processor.py:842} WARNING - No viable dags retrieved from /opt/airflow/dags/airflow.py
[2025-10-06T18:18:51.388+0000] {processor.py:183} INFO - Processing /opt/airflow/dags/airflow.py took 0.033 seconds
[2025-10-06T18:19:21.602+0000] {processor.py:161} INFO - Started process (PID=97) to work on /opt/airflow/dags/airflow.py
[2025-10-06T18:19:21.603+0000] {processor.py:830} INFO - Processing file /opt/airflow/dags/airflow.py for tasks to queue
[2025-10-06T18:19:21.606+0000] {logging_mixin.py:188} INFO - [2025-10-06T18:19:21.605+0000] {dagbag.py:545} INFO - Filling up the DagBag from /opt/airflow/dags/airflow.py
[2025-10-06T18:19:21.610+0000] {logging_mixin.py:188} INFO - [2025-10-06T18:19:21.609+0000] {dagbag.py:355} ERROR - Failed to import: /opt/airflow/dags/airflow.py
Traceback (most recent call last):
  File "/home/airflow/.local/lib/python3.12/site-packages/airflow/models/dagbag.py", line 351, in parse
    loader.exec_module(new_module)
  File "<frozen importlib._bootstrap_external>", line 995, in exec_module
  File "<frozen importlib._bootstrap>", line 488, in _call_with_frames_removed
  File "/opt/airflow/dags/airflow.py", line 4, in <module>
    from airflow.providers.standard.operators.python import PythonOperator
ModuleNotFoundError: No module named 'airflow.providers.standard'
[2025-10-06T18:19:21.610+0000] {processor.py:842} WARNING - No viable dags retrieved from /opt/airflow/dags/airflow.py
[2025-10-06T18:19:21.624+0000] {processor.py:183} INFO - Processing /opt/airflow/dags/airflow.py took 0.029 seconds
[2025-10-06T18:19:51.885+0000] {processor.py:161} INFO - Started process (PID=104) to work on /opt/airflow/dags/airflow.py
[2025-10-06T18:19:51.885+0000] {processor.py:830} INFO - Processing file /opt/airflow/dags/airflow.py for tasks to queue
[2025-10-06T18:19:51.887+0000] {logging_mixin.py:188} INFO - [2025-10-06T18:19:51.887+0000] {dagbag.py:545} INFO - Filling up the DagBag from /opt/airflow/dags/airflow.py
[2025-10-06T18:19:51.890+0000] {logging_mixin.py:188} INFO - [2025-10-06T18:19:51.889+0000] {dagbag.py:355} ERROR - Failed to import: /opt/airflow/dags/airflow.py
Traceback (most recent call last):
  File "/home/airflow/.local/lib/python3.12/site-packages/airflow/models/dagbag.py", line 351, in parse
    loader.exec_module(new_module)
  File "<frozen importlib._bootstrap_external>", line 995, in exec_module
  File "<frozen importlib._bootstrap>", line 488, in _call_with_frames_removed
  File "/opt/airflow/dags/airflow.py", line 4, in <module>
    from airflow.providers.standard.operators.python import PythonOperator
ModuleNotFoundError: No module named 'airflow.providers.standard'
[2025-10-06T18:19:51.891+0000] {processor.py:842} WARNING - No viable dags retrieved from /opt/airflow/dags/airflow.py
[2025-10-06T18:19:51.902+0000] {processor.py:183} INFO - Processing /opt/airflow/dags/airflow.py took 0.022 seconds
[2025-10-06T18:20:22.193+0000] {processor.py:161} INFO - Started process (PID=111) to work on /opt/airflow/dags/airflow.py
[2025-10-06T18:20:22.193+0000] {processor.py:830} INFO - Processing file /opt/airflow/dags/airflow.py for tasks to queue
[2025-10-06T18:20:22.195+0000] {logging_mixin.py:188} INFO - [2025-10-06T18:20:22.195+0000] {dagbag.py:545} INFO - Filling up the DagBag from /opt/airflow/dags/airflow.py
[2025-10-06T18:20:22.199+0000] {logging_mixin.py:188} INFO - [2025-10-06T18:20:22.199+0000] {dagbag.py:355} ERROR - Failed to import: /opt/airflow/dags/airflow.py
Traceback (most recent call last):
  File "/home/airflow/.local/lib/python3.12/site-packages/airflow/models/dagbag.py", line 351, in parse
    loader.exec_module(new_module)
  File "<frozen importlib._bootstrap_external>", line 995, in exec_module
  File "<frozen importlib._bootstrap>", line 488, in _call_with_frames_removed
  File "/opt/airflow/dags/airflow.py", line 4, in <module>
    from airflow.providers.standard.operators.python import PythonOperator
ModuleNotFoundError: No module named 'airflow.providers.standard'
[2025-10-06T18:20:22.200+0000] {processor.py:842} WARNING - No viable dags retrieved from /opt/airflow/dags/airflow.py
[2025-10-06T18:20:22.212+0000] {processor.py:183} INFO - Processing /opt/airflow/dags/airflow.py took 0.024 seconds
[2025-10-06T18:20:52.451+0000] {processor.py:161} INFO - Started process (PID=118) to work on /opt/airflow/dags/airflow.py
[2025-10-06T18:20:52.451+0000] {processor.py:830} INFO - Processing file /opt/airflow/dags/airflow.py for tasks to queue
[2025-10-06T18:20:52.452+0000] {logging_mixin.py:188} INFO - [2025-10-06T18:20:52.452+0000] {dagbag.py:545} INFO - Filling up the DagBag from /opt/airflow/dags/airflow.py
[2025-10-06T18:20:52.454+0000] {logging_mixin.py:188} INFO - [2025-10-06T18:20:52.454+0000] {dagbag.py:355} ERROR - Failed to import: /opt/airflow/dags/airflow.py
Traceback (most recent call last):
  File "/home/airflow/.local/lib/python3.12/site-packages/airflow/models/dagbag.py", line 351, in parse
    loader.exec_module(new_module)
  File "<frozen importlib._bootstrap_external>", line 995, in exec_module
  File "<frozen importlib._bootstrap>", line 488, in _call_with_frames_removed
  File "/opt/airflow/dags/airflow.py", line 4, in <module>
    from airflow.providers.standard.operators.python import PythonOperator
ModuleNotFoundError: No module named 'airflow.providers.standard'
[2025-10-06T18:20:52.455+0000] {processor.py:842} WARNING - No viable dags retrieved from /opt/airflow/dags/airflow.py
[2025-10-06T18:20:52.469+0000] {processor.py:183} INFO - Processing /opt/airflow/dags/airflow.py took 0.022 seconds
[2025-10-06T18:21:22.705+0000] {processor.py:161} INFO - Started process (PID=125) to work on /opt/airflow/dags/airflow.py
[2025-10-06T18:21:22.705+0000] {processor.py:830} INFO - Processing file /opt/airflow/dags/airflow.py for tasks to queue
[2025-10-06T18:21:22.707+0000] {logging_mixin.py:188} INFO - [2025-10-06T18:21:22.706+0000] {dagbag.py:545} INFO - Filling up the DagBag from /opt/airflow/dags/airflow.py
[2025-10-06T18:21:22.710+0000] {logging_mixin.py:188} INFO - [2025-10-06T18:21:22.709+0000] {dagbag.py:355} ERROR - Failed to import: /opt/airflow/dags/airflow.py
Traceback (most recent call last):
  File "/home/airflow/.local/lib/python3.12/site-packages/airflow/models/dagbag.py", line 351, in parse
    loader.exec_module(new_module)
  File "<frozen importlib._bootstrap_external>", line 995, in exec_module
  File "<frozen importlib._bootstrap>", line 488, in _call_with_frames_removed
  File "/opt/airflow/dags/airflow.py", line 4, in <module>
    from airflow.providers.standard.operators.python import PythonOperator
ModuleNotFoundError: No module named 'airflow.providers.standard'
[2025-10-06T18:21:22.710+0000] {processor.py:842} WARNING - No viable dags retrieved from /opt/airflow/dags/airflow.py
[2025-10-06T18:21:22.722+0000] {processor.py:183} INFO - Processing /opt/airflow/dags/airflow.py took 0.022 seconds
[2025-10-06T18:24:51.901+0000] {processor.py:161} INFO - Started process (PID=84) to work on /opt/airflow/dags/airflow.py
[2025-10-06T18:24:51.903+0000] {processor.py:830} INFO - Processing file /opt/airflow/dags/airflow.py for tasks to queue
[2025-10-06T18:24:51.920+0000] {logging_mixin.py:188} INFO - [2025-10-06T18:24:51.917+0000] {dagbag.py:545} INFO - Filling up the DagBag from /opt/airflow/dags/airflow.py
[2025-10-06T18:24:54.910+0000] {processor.py:840} INFO - DAG(s) 'Airflow_Lab1' retrieved from /opt/airflow/dags/airflow.py
[2025-10-06T18:24:55.170+0000] {logging_mixin.py:188} INFO - [2025-10-06T18:24:55.169+0000] {override.py:1829} INFO - Created Permission View: can read on DAG:Airflow_Lab1
[2025-10-06T18:24:55.180+0000] {logging_mixin.py:188} INFO - [2025-10-06T18:24:55.180+0000] {override.py:1829} INFO - Created Permission View: can delete on DAG:Airflow_Lab1
[2025-10-06T18:24:55.188+0000] {logging_mixin.py:188} INFO - [2025-10-06T18:24:55.188+0000] {override.py:1829} INFO - Created Permission View: can edit on DAG:Airflow_Lab1
[2025-10-06T18:24:55.189+0000] {logging_mixin.py:188} INFO - [2025-10-06T18:24:55.188+0000] {dag.py:3096} INFO - Sync 1 DAGs
[2025-10-06T18:24:55.201+0000] {logging_mixin.py:188} INFO - [2025-10-06T18:24:55.201+0000] {dag.py:3118} INFO - Creating ORM DAG for Airflow_Lab1
[2025-10-06T18:24:55.210+0000] {logging_mixin.py:188} INFO - [2025-10-06T18:24:55.210+0000] {dag.py:3954} INFO - Setting next_dagrun for Airflow_Lab1 to 2025-10-05 00:00:00+00:00, run_after=2025-10-06 00:00:00+00:00
[2025-10-06T18:24:55.229+0000] {processor.py:183} INFO - Processing /opt/airflow/dags/airflow.py took 3.333 seconds
[2025-10-06T18:25:25.476+0000] {processor.py:161} INFO - Started process (PID=108) to work on /opt/airflow/dags/airflow.py
[2025-10-06T18:25:25.478+0000] {processor.py:830} INFO - Processing file /opt/airflow/dags/airflow.py for tasks to queue
[2025-10-06T18:25:25.481+0000] {logging_mixin.py:188} INFO - [2025-10-06T18:25:25.481+0000] {dagbag.py:545} INFO - Filling up the DagBag from /opt/airflow/dags/airflow.py
[2025-10-06T18:25:26.359+0000] {processor.py:840} INFO - DAG(s) 'Airflow_Lab1' retrieved from /opt/airflow/dags/airflow.py
[2025-10-06T18:25:26.371+0000] {logging_mixin.py:188} INFO - [2025-10-06T18:25:26.370+0000] {dag.py:3096} INFO - Sync 1 DAGs
[2025-10-06T18:25:26.379+0000] {logging_mixin.py:188} INFO - [2025-10-06T18:25:26.379+0000] {dag.py:3954} INFO - Setting next_dagrun for Airflow_Lab1 to 2025-10-05 00:00:00+00:00, run_after=2025-10-06 00:00:00+00:00
[2025-10-06T18:25:26.385+0000] {processor.py:183} INFO - Processing /opt/airflow/dags/airflow.py took 0.933 seconds
[2025-10-06T18:25:56.593+0000] {processor.py:161} INFO - Started process (PID=130) to work on /opt/airflow/dags/airflow.py
[2025-10-06T18:25:56.595+0000] {processor.py:830} INFO - Processing file /opt/airflow/dags/airflow.py for tasks to queue
[2025-10-06T18:25:56.598+0000] {logging_mixin.py:188} INFO - [2025-10-06T18:25:56.597+0000] {dagbag.py:545} INFO - Filling up the DagBag from /opt/airflow/dags/airflow.py
[2025-10-06T18:25:57.513+0000] {processor.py:840} INFO - DAG(s) 'Airflow_Lab1' retrieved from /opt/airflow/dags/airflow.py
[2025-10-06T18:25:57.530+0000] {logging_mixin.py:188} INFO - [2025-10-06T18:25:57.530+0000] {dag.py:3096} INFO - Sync 1 DAGs
[2025-10-06T18:25:57.553+0000] {logging_mixin.py:188} INFO - [2025-10-06T18:25:57.553+0000] {dag.py:3954} INFO - Setting next_dagrun for Airflow_Lab1 to 2025-10-06 00:00:00+00:00, run_after=2025-10-07 00:00:00+00:00
[2025-10-06T18:25:57.571+0000] {processor.py:183} INFO - Processing /opt/airflow/dags/airflow.py took 0.983 seconds
[2025-10-06T18:26:27.696+0000] {processor.py:161} INFO - Started process (PID=156) to work on /opt/airflow/dags/airflow.py
[2025-10-06T18:26:27.697+0000] {processor.py:830} INFO - Processing file /opt/airflow/dags/airflow.py for tasks to queue
[2025-10-06T18:26:27.700+0000] {logging_mixin.py:188} INFO - [2025-10-06T18:26:27.699+0000] {dagbag.py:545} INFO - Filling up the DagBag from /opt/airflow/dags/airflow.py
[2025-10-06T18:26:28.733+0000] {processor.py:840} INFO - DAG(s) 'Airflow_Lab1' retrieved from /opt/airflow/dags/airflow.py
[2025-10-06T18:26:28.751+0000] {logging_mixin.py:188} INFO - [2025-10-06T18:26:28.751+0000] {dag.py:3096} INFO - Sync 1 DAGs
[2025-10-06T18:26:28.761+0000] {logging_mixin.py:188} INFO - [2025-10-06T18:26:28.761+0000] {dag.py:3954} INFO - Setting next_dagrun for Airflow_Lab1 to 2025-10-06 00:00:00+00:00, run_after=2025-10-07 00:00:00+00:00
[2025-10-06T18:26:28.769+0000] {processor.py:183} INFO - Processing /opt/airflow/dags/airflow.py took 1.079 seconds
[2025-10-06T18:26:58.954+0000] {processor.py:161} INFO - Started process (PID=178) to work on /opt/airflow/dags/airflow.py
[2025-10-06T18:26:58.958+0000] {processor.py:830} INFO - Processing file /opt/airflow/dags/airflow.py for tasks to queue
[2025-10-06T18:26:58.965+0000] {logging_mixin.py:188} INFO - [2025-10-06T18:26:58.964+0000] {dagbag.py:545} INFO - Filling up the DagBag from /opt/airflow/dags/airflow.py
[2025-10-06T18:26:59.817+0000] {processor.py:840} INFO - DAG(s) 'Airflow_Lab1' retrieved from /opt/airflow/dags/airflow.py
[2025-10-06T18:26:59.831+0000] {logging_mixin.py:188} INFO - [2025-10-06T18:26:59.831+0000] {dag.py:3096} INFO - Sync 1 DAGs
[2025-10-06T18:26:59.839+0000] {logging_mixin.py:188} INFO - [2025-10-06T18:26:59.839+0000] {dag.py:3954} INFO - Setting next_dagrun for Airflow_Lab1 to 2025-10-06 00:00:00+00:00, run_after=2025-10-07 00:00:00+00:00
[2025-10-06T18:26:59.846+0000] {processor.py:183} INFO - Processing /opt/airflow/dags/airflow.py took 0.904 seconds
[2025-10-06T18:27:30.112+0000] {processor.py:161} INFO - Started process (PID=196) to work on /opt/airflow/dags/airflow.py
[2025-10-06T18:27:30.113+0000] {processor.py:830} INFO - Processing file /opt/airflow/dags/airflow.py for tasks to queue
[2025-10-06T18:27:30.117+0000] {logging_mixin.py:188} INFO - [2025-10-06T18:27:30.117+0000] {dagbag.py:545} INFO - Filling up the DagBag from /opt/airflow/dags/airflow.py
[2025-10-06T18:27:30.722+0000] {processor.py:840} INFO - DAG(s) 'Airflow_Lab1' retrieved from /opt/airflow/dags/airflow.py
[2025-10-06T18:27:30.734+0000] {logging_mixin.py:188} INFO - [2025-10-06T18:27:30.734+0000] {dag.py:3096} INFO - Sync 1 DAGs
[2025-10-06T18:27:30.741+0000] {logging_mixin.py:188} INFO - [2025-10-06T18:27:30.741+0000] {dag.py:3954} INFO - Setting next_dagrun for Airflow_Lab1 to 2025-10-06 00:00:00+00:00, run_after=2025-10-07 00:00:00+00:00
[2025-10-06T18:27:30.747+0000] {processor.py:183} INFO - Processing /opt/airflow/dags/airflow.py took 0.644 seconds
[2025-10-06T18:28:01.028+0000] {processor.py:161} INFO - Started process (PID=214) to work on /opt/airflow/dags/airflow.py
[2025-10-06T18:28:01.029+0000] {processor.py:830} INFO - Processing file /opt/airflow/dags/airflow.py for tasks to queue
[2025-10-06T18:28:01.030+0000] {logging_mixin.py:188} INFO - [2025-10-06T18:28:01.030+0000] {dagbag.py:545} INFO - Filling up the DagBag from /opt/airflow/dags/airflow.py
[2025-10-06T18:28:01.819+0000] {processor.py:840} INFO - DAG(s) 'Airflow_Lab1' retrieved from /opt/airflow/dags/airflow.py
[2025-10-06T18:28:01.832+0000] {logging_mixin.py:188} INFO - [2025-10-06T18:28:01.831+0000] {dag.py:3096} INFO - Sync 1 DAGs
[2025-10-06T18:28:01.843+0000] {logging_mixin.py:188} INFO - [2025-10-06T18:28:01.843+0000] {dag.py:3954} INFO - Setting next_dagrun for Airflow_Lab1 to 2025-10-06 00:00:00+00:00, run_after=2025-10-07 00:00:00+00:00
[2025-10-06T18:28:01.851+0000] {processor.py:183} INFO - Processing /opt/airflow/dags/airflow.py took 0.828 seconds
[2025-10-06T18:28:32.079+0000] {processor.py:161} INFO - Started process (PID=232) to work on /opt/airflow/dags/airflow.py
[2025-10-06T18:28:32.080+0000] {processor.py:830} INFO - Processing file /opt/airflow/dags/airflow.py for tasks to queue
[2025-10-06T18:28:32.083+0000] {logging_mixin.py:188} INFO - [2025-10-06T18:28:32.082+0000] {dagbag.py:545} INFO - Filling up the DagBag from /opt/airflow/dags/airflow.py
[2025-10-06T18:28:32.751+0000] {processor.py:840} INFO - DAG(s) 'Airflow_Lab1' retrieved from /opt/airflow/dags/airflow.py
[2025-10-06T18:28:32.762+0000] {logging_mixin.py:188} INFO - [2025-10-06T18:28:32.762+0000] {dag.py:3096} INFO - Sync 1 DAGs
[2025-10-06T18:28:32.770+0000] {logging_mixin.py:188} INFO - [2025-10-06T18:28:32.770+0000] {dag.py:3954} INFO - Setting next_dagrun for Airflow_Lab1 to 2025-10-06 00:00:00+00:00, run_after=2025-10-07 00:00:00+00:00
[2025-10-06T18:28:32.776+0000] {processor.py:183} INFO - Processing /opt/airflow/dags/airflow.py took 0.713 seconds
[2025-10-06T18:29:02.994+0000] {processor.py:161} INFO - Started process (PID=250) to work on /opt/airflow/dags/airflow.py
[2025-10-06T18:29:02.995+0000] {processor.py:830} INFO - Processing file /opt/airflow/dags/airflow.py for tasks to queue
[2025-10-06T18:29:02.998+0000] {logging_mixin.py:188} INFO - [2025-10-06T18:29:02.998+0000] {dagbag.py:545} INFO - Filling up the DagBag from /opt/airflow/dags/airflow.py
[2025-10-06T18:29:03.748+0000] {processor.py:840} INFO - DAG(s) 'Airflow_Lab1' retrieved from /opt/airflow/dags/airflow.py
[2025-10-06T18:29:03.760+0000] {logging_mixin.py:188} INFO - [2025-10-06T18:29:03.760+0000] {dag.py:3096} INFO - Sync 1 DAGs
[2025-10-06T18:29:03.771+0000] {logging_mixin.py:188} INFO - [2025-10-06T18:29:03.771+0000] {dag.py:3954} INFO - Setting next_dagrun for Airflow_Lab1 to 2025-10-06 00:00:00+00:00, run_after=2025-10-07 00:00:00+00:00
[2025-10-06T18:29:03.779+0000] {processor.py:183} INFO - Processing /opt/airflow/dags/airflow.py took 0.798 seconds
[2025-10-06T18:29:33.958+0000] {processor.py:161} INFO - Started process (PID=268) to work on /opt/airflow/dags/airflow.py
[2025-10-06T18:29:33.959+0000] {processor.py:830} INFO - Processing file /opt/airflow/dags/airflow.py for tasks to queue
[2025-10-06T18:29:33.962+0000] {logging_mixin.py:188} INFO - [2025-10-06T18:29:33.961+0000] {dagbag.py:545} INFO - Filling up the DagBag from /opt/airflow/dags/airflow.py
[2025-10-06T18:29:34.670+0000] {processor.py:840} INFO - DAG(s) 'Airflow_Lab1' retrieved from /opt/airflow/dags/airflow.py
[2025-10-06T18:29:34.685+0000] {logging_mixin.py:188} INFO - [2025-10-06T18:29:34.685+0000] {dag.py:3096} INFO - Sync 1 DAGs
[2025-10-06T18:29:34.693+0000] {logging_mixin.py:188} INFO - [2025-10-06T18:29:34.693+0000] {dag.py:3954} INFO - Setting next_dagrun for Airflow_Lab1 to 2025-10-06 00:00:00+00:00, run_after=2025-10-07 00:00:00+00:00
[2025-10-06T18:29:34.702+0000] {processor.py:183} INFO - Processing /opt/airflow/dags/airflow.py took 0.749 seconds
[2025-10-06T18:30:05.037+0000] {processor.py:161} INFO - Started process (PID=286) to work on /opt/airflow/dags/airflow.py
[2025-10-06T18:30:05.038+0000] {processor.py:830} INFO - Processing file /opt/airflow/dags/airflow.py for tasks to queue
[2025-10-06T18:30:05.041+0000] {logging_mixin.py:188} INFO - [2025-10-06T18:30:05.041+0000] {dagbag.py:545} INFO - Filling up the DagBag from /opt/airflow/dags/airflow.py
[2025-10-06T18:30:05.694+0000] {processor.py:840} INFO - DAG(s) 'Airflow_Lab1' retrieved from /opt/airflow/dags/airflow.py
[2025-10-06T18:30:05.706+0000] {logging_mixin.py:188} INFO - [2025-10-06T18:30:05.706+0000] {dag.py:3096} INFO - Sync 1 DAGs
[2025-10-06T18:30:05.713+0000] {logging_mixin.py:188} INFO - [2025-10-06T18:30:05.713+0000] {dag.py:3954} INFO - Setting next_dagrun for Airflow_Lab1 to 2025-10-06 00:00:00+00:00, run_after=2025-10-07 00:00:00+00:00
[2025-10-06T18:30:05.719+0000] {processor.py:183} INFO - Processing /opt/airflow/dags/airflow.py took 0.691 seconds
[2025-10-06T18:30:35.989+0000] {processor.py:161} INFO - Started process (PID=304) to work on /opt/airflow/dags/airflow.py
[2025-10-06T18:30:35.990+0000] {processor.py:830} INFO - Processing file /opt/airflow/dags/airflow.py for tasks to queue
[2025-10-06T18:30:35.992+0000] {logging_mixin.py:188} INFO - [2025-10-06T18:30:35.992+0000] {dagbag.py:545} INFO - Filling up the DagBag from /opt/airflow/dags/airflow.py
[2025-10-06T18:30:36.560+0000] {processor.py:840} INFO - DAG(s) 'Airflow_Lab1' retrieved from /opt/airflow/dags/airflow.py
[2025-10-06T18:30:36.571+0000] {logging_mixin.py:188} INFO - [2025-10-06T18:30:36.571+0000] {dag.py:3096} INFO - Sync 1 DAGs
[2025-10-06T18:30:36.578+0000] {logging_mixin.py:188} INFO - [2025-10-06T18:30:36.578+0000] {dag.py:3954} INFO - Setting next_dagrun for Airflow_Lab1 to 2025-10-06 00:00:00+00:00, run_after=2025-10-07 00:00:00+00:00
[2025-10-06T18:30:36.584+0000] {processor.py:183} INFO - Processing /opt/airflow/dags/airflow.py took 0.600 seconds
[2025-10-06T18:31:06.805+0000] {processor.py:161} INFO - Started process (PID=322) to work on /opt/airflow/dags/airflow.py
[2025-10-06T18:31:06.808+0000] {processor.py:830} INFO - Processing file /opt/airflow/dags/airflow.py for tasks to queue
[2025-10-06T18:31:06.811+0000] {logging_mixin.py:188} INFO - [2025-10-06T18:31:06.810+0000] {dagbag.py:545} INFO - Filling up the DagBag from /opt/airflow/dags/airflow.py
[2025-10-06T18:31:07.383+0000] {processor.py:840} INFO - DAG(s) 'Airflow_Lab1' retrieved from /opt/airflow/dags/airflow.py
[2025-10-06T18:31:07.394+0000] {logging_mixin.py:188} INFO - [2025-10-06T18:31:07.394+0000] {dag.py:3096} INFO - Sync 1 DAGs
[2025-10-06T18:31:07.402+0000] {logging_mixin.py:188} INFO - [2025-10-06T18:31:07.402+0000] {dag.py:3954} INFO - Setting next_dagrun for Airflow_Lab1 to 2025-10-06 00:00:00+00:00, run_after=2025-10-07 00:00:00+00:00
[2025-10-06T18:31:07.408+0000] {processor.py:183} INFO - Processing /opt/airflow/dags/airflow.py took 0.615 seconds
[2025-10-06T18:31:37.716+0000] {processor.py:161} INFO - Started process (PID=340) to work on /opt/airflow/dags/airflow.py
[2025-10-06T18:31:37.717+0000] {processor.py:830} INFO - Processing file /opt/airflow/dags/airflow.py for tasks to queue
[2025-10-06T18:31:37.719+0000] {logging_mixin.py:188} INFO - [2025-10-06T18:31:37.719+0000] {dagbag.py:545} INFO - Filling up the DagBag from /opt/airflow/dags/airflow.py
[2025-10-06T18:31:38.228+0000] {processor.py:840} INFO - DAG(s) 'Airflow_Lab1' retrieved from /opt/airflow/dags/airflow.py
[2025-10-06T18:31:38.238+0000] {logging_mixin.py:188} INFO - [2025-10-06T18:31:38.238+0000] {dag.py:3096} INFO - Sync 1 DAGs
[2025-10-06T18:31:38.245+0000] {logging_mixin.py:188} INFO - [2025-10-06T18:31:38.245+0000] {dag.py:3954} INFO - Setting next_dagrun for Airflow_Lab1 to 2025-10-06 00:00:00+00:00, run_after=2025-10-07 00:00:00+00:00
[2025-10-06T18:31:38.251+0000] {processor.py:183} INFO - Processing /opt/airflow/dags/airflow.py took 0.541 seconds
[2025-10-06T18:32:08.549+0000] {processor.py:161} INFO - Started process (PID=358) to work on /opt/airflow/dags/airflow.py
[2025-10-06T18:32:08.551+0000] {processor.py:830} INFO - Processing file /opt/airflow/dags/airflow.py for tasks to queue
[2025-10-06T18:32:08.555+0000] {logging_mixin.py:188} INFO - [2025-10-06T18:32:08.554+0000] {dagbag.py:545} INFO - Filling up the DagBag from /opt/airflow/dags/airflow.py
[2025-10-06T18:32:09.216+0000] {processor.py:840} INFO - DAG(s) 'Airflow_Lab1' retrieved from /opt/airflow/dags/airflow.py
[2025-10-06T18:32:09.227+0000] {logging_mixin.py:188} INFO - [2025-10-06T18:32:09.227+0000] {dag.py:3096} INFO - Sync 1 DAGs
[2025-10-06T18:32:09.237+0000] {logging_mixin.py:188} INFO - [2025-10-06T18:32:09.237+0000] {dag.py:3954} INFO - Setting next_dagrun for Airflow_Lab1 to 2025-10-06 00:00:00+00:00, run_after=2025-10-07 00:00:00+00:00
[2025-10-06T18:32:09.244+0000] {processor.py:183} INFO - Processing /opt/airflow/dags/airflow.py took 0.703 seconds
[2025-10-06T18:32:39.478+0000] {processor.py:161} INFO - Started process (PID=376) to work on /opt/airflow/dags/airflow.py
[2025-10-06T18:32:39.479+0000] {processor.py:830} INFO - Processing file /opt/airflow/dags/airflow.py for tasks to queue
[2025-10-06T18:32:39.480+0000] {logging_mixin.py:188} INFO - [2025-10-06T18:32:39.480+0000] {dagbag.py:545} INFO - Filling up the DagBag from /opt/airflow/dags/airflow.py
[2025-10-06T18:32:39.983+0000] {processor.py:840} INFO - DAG(s) 'Airflow_Lab1' retrieved from /opt/airflow/dags/airflow.py
[2025-10-06T18:32:39.995+0000] {logging_mixin.py:188} INFO - [2025-10-06T18:32:39.995+0000] {dag.py:3096} INFO - Sync 1 DAGs
[2025-10-06T18:32:40.001+0000] {logging_mixin.py:188} INFO - [2025-10-06T18:32:40.001+0000] {dag.py:3954} INFO - Setting next_dagrun for Airflow_Lab1 to 2025-10-06 00:00:00+00:00, run_after=2025-10-07 00:00:00+00:00
[2025-10-06T18:32:40.006+0000] {processor.py:183} INFO - Processing /opt/airflow/dags/airflow.py took 0.534 seconds
[2025-10-06T18:32:48.135+0000] {processor.py:161} INFO - Started process (PID=388) to work on /opt/airflow/dags/airflow.py
[2025-10-06T18:32:48.136+0000] {processor.py:830} INFO - Processing file /opt/airflow/dags/airflow.py for tasks to queue
[2025-10-06T18:32:48.141+0000] {logging_mixin.py:188} INFO - [2025-10-06T18:32:48.140+0000] {dagbag.py:545} INFO - Filling up the DagBag from /opt/airflow/dags/airflow.py
[2025-10-06T18:32:48.800+0000] {logging_mixin.py:188} INFO - [2025-10-06T18:32:48.797+0000] {dagbag.py:355} ERROR - Failed to import: /opt/airflow/dags/airflow.py
Traceback (most recent call last):
  File "/home/airflow/.local/lib/python3.12/site-packages/airflow/models/dagbag.py", line 351, in parse
    loader.exec_module(new_module)
  File "<frozen importlib._bootstrap_external>", line 995, in exec_module
  File "<frozen importlib._bootstrap>", line 488, in _call_with_frames_removed
  File "/opt/airflow/dags/airflow.py", line 58, in <module>
    python_callable=calculate_cluster_stats,
                    ^^^^^^^^^^^^^^^^^^^^^^^
NameError: name 'calculate_cluster_stats' is not defined
[2025-10-06T18:32:48.801+0000] {processor.py:842} WARNING - No viable dags retrieved from /opt/airflow/dags/airflow.py
[2025-10-06T18:32:48.810+0000] {processor.py:183} INFO - Processing /opt/airflow/dags/airflow.py took 0.690 seconds
[2025-10-06T18:33:19.081+0000] {processor.py:161} INFO - Started process (PID=406) to work on /opt/airflow/dags/airflow.py
[2025-10-06T18:33:19.082+0000] {processor.py:830} INFO - Processing file /opt/airflow/dags/airflow.py for tasks to queue
[2025-10-06T18:33:19.085+0000] {logging_mixin.py:188} INFO - [2025-10-06T18:33:19.084+0000] {dagbag.py:545} INFO - Filling up the DagBag from /opt/airflow/dags/airflow.py
[2025-10-06T18:33:19.704+0000] {logging_mixin.py:188} INFO - [2025-10-06T18:33:19.702+0000] {dagbag.py:355} ERROR - Failed to import: /opt/airflow/dags/airflow.py
Traceback (most recent call last):
  File "/home/airflow/.local/lib/python3.12/site-packages/airflow/models/dagbag.py", line 351, in parse
    loader.exec_module(new_module)
  File "<frozen importlib._bootstrap_external>", line 995, in exec_module
  File "<frozen importlib._bootstrap>", line 488, in _call_with_frames_removed
  File "/opt/airflow/dags/airflow.py", line 58, in <module>
    python_callable=calculate_cluster_stats,
                    ^^^^^^^^^^^^^^^^^^^^^^^
NameError: name 'calculate_cluster_stats' is not defined
[2025-10-06T18:33:19.706+0000] {processor.py:842} WARNING - No viable dags retrieved from /opt/airflow/dags/airflow.py
[2025-10-06T18:33:19.714+0000] {processor.py:183} INFO - Processing /opt/airflow/dags/airflow.py took 0.642 seconds
[2025-10-06T18:33:49.986+0000] {processor.py:161} INFO - Started process (PID=424) to work on /opt/airflow/dags/airflow.py
[2025-10-06T18:33:49.988+0000] {processor.py:830} INFO - Processing file /opt/airflow/dags/airflow.py for tasks to queue
[2025-10-06T18:33:49.991+0000] {logging_mixin.py:188} INFO - [2025-10-06T18:33:49.990+0000] {dagbag.py:545} INFO - Filling up the DagBag from /opt/airflow/dags/airflow.py
[2025-10-06T18:33:50.469+0000] {logging_mixin.py:188} INFO - [2025-10-06T18:33:50.467+0000] {dagbag.py:355} ERROR - Failed to import: /opt/airflow/dags/airflow.py
Traceback (most recent call last):
  File "/home/airflow/.local/lib/python3.12/site-packages/airflow/models/dagbag.py", line 351, in parse
    loader.exec_module(new_module)
  File "<frozen importlib._bootstrap_external>", line 995, in exec_module
  File "<frozen importlib._bootstrap>", line 488, in _call_with_frames_removed
  File "/opt/airflow/dags/airflow.py", line 58, in <module>
    python_callable=calculate_cluster_stats,
                    ^^^^^^^^^^^^^^^^^^^^^^^
NameError: name 'calculate_cluster_stats' is not defined
[2025-10-06T18:33:50.471+0000] {processor.py:842} WARNING - No viable dags retrieved from /opt/airflow/dags/airflow.py
[2025-10-06T18:33:50.477+0000] {processor.py:183} INFO - Processing /opt/airflow/dags/airflow.py took 0.498 seconds
[2025-10-06T18:34:20.607+0000] {processor.py:161} INFO - Started process (PID=442) to work on /opt/airflow/dags/airflow.py
[2025-10-06T18:34:20.608+0000] {processor.py:830} INFO - Processing file /opt/airflow/dags/airflow.py for tasks to queue
[2025-10-06T18:34:20.609+0000] {logging_mixin.py:188} INFO - [2025-10-06T18:34:20.608+0000] {dagbag.py:545} INFO - Filling up the DagBag from /opt/airflow/dags/airflow.py
[2025-10-06T18:34:21.306+0000] {logging_mixin.py:188} INFO - [2025-10-06T18:34:21.304+0000] {dagbag.py:355} ERROR - Failed to import: /opt/airflow/dags/airflow.py
Traceback (most recent call last):
  File "/home/airflow/.local/lib/python3.12/site-packages/airflow/models/dagbag.py", line 351, in parse
    loader.exec_module(new_module)
  File "<frozen importlib._bootstrap_external>", line 995, in exec_module
  File "<frozen importlib._bootstrap>", line 488, in _call_with_frames_removed
  File "/opt/airflow/dags/airflow.py", line 58, in <module>
    python_callable=calculate_cluster_stats,
                    ^^^^^^^^^^^^^^^^^^^^^^^
NameError: name 'calculate_cluster_stats' is not defined
[2025-10-06T18:34:21.308+0000] {processor.py:842} WARNING - No viable dags retrieved from /opt/airflow/dags/airflow.py
[2025-10-06T18:34:21.317+0000] {processor.py:183} INFO - Processing /opt/airflow/dags/airflow.py took 0.715 seconds
[2025-10-06T18:34:48.992+0000] {processor.py:161} INFO - Started process (PID=460) to work on /opt/airflow/dags/airflow.py
[2025-10-06T18:34:48.993+0000] {processor.py:830} INFO - Processing file /opt/airflow/dags/airflow.py for tasks to queue
[2025-10-06T18:34:48.993+0000] {logging_mixin.py:188} INFO - [2025-10-06T18:34:48.993+0000] {dagbag.py:545} INFO - Filling up the DagBag from /opt/airflow/dags/airflow.py
[2025-10-06T18:34:49.518+0000] {processor.py:840} INFO - DAG(s) 'Airflow_Lab1' retrieved from /opt/airflow/dags/airflow.py
[2025-10-06T18:34:49.570+0000] {logging_mixin.py:188} INFO - [2025-10-06T18:34:49.570+0000] {dag.py:3096} INFO - Sync 1 DAGs
[2025-10-06T18:34:49.578+0000] {logging_mixin.py:188} INFO - [2025-10-06T18:34:49.578+0000] {dag.py:3954} INFO - Setting next_dagrun for Airflow_Lab1 to 2025-10-06 00:00:00+00:00, run_after=2025-10-07 00:00:00+00:00
[2025-10-06T18:34:49.589+0000] {processor.py:183} INFO - Processing /opt/airflow/dags/airflow.py took 0.606 seconds
[2025-10-06T18:35:19.686+0000] {processor.py:161} INFO - Started process (PID=478) to work on /opt/airflow/dags/airflow.py
[2025-10-06T18:35:19.686+0000] {processor.py:830} INFO - Processing file /opt/airflow/dags/airflow.py for tasks to queue
[2025-10-06T18:35:19.687+0000] {logging_mixin.py:188} INFO - [2025-10-06T18:35:19.687+0000] {dagbag.py:545} INFO - Filling up the DagBag from /opt/airflow/dags/airflow.py
[2025-10-06T18:35:20.364+0000] {processor.py:840} INFO - DAG(s) 'Airflow_Lab1' retrieved from /opt/airflow/dags/airflow.py
[2025-10-06T18:35:20.378+0000] {logging_mixin.py:188} INFO - [2025-10-06T18:35:20.377+0000] {dag.py:3096} INFO - Sync 1 DAGs
[2025-10-06T18:35:20.386+0000] {logging_mixin.py:188} INFO - [2025-10-06T18:35:20.386+0000] {dag.py:3954} INFO - Setting next_dagrun for Airflow_Lab1 to 2025-10-06 00:00:00+00:00, run_after=2025-10-07 00:00:00+00:00
[2025-10-06T18:35:20.395+0000] {processor.py:183} INFO - Processing /opt/airflow/dags/airflow.py took 0.714 seconds
[2025-10-06T18:35:50.707+0000] {processor.py:161} INFO - Started process (PID=496) to work on /opt/airflow/dags/airflow.py
[2025-10-06T18:35:50.709+0000] {processor.py:830} INFO - Processing file /opt/airflow/dags/airflow.py for tasks to queue
[2025-10-06T18:35:50.710+0000] {logging_mixin.py:188} INFO - [2025-10-06T18:35:50.709+0000] {dagbag.py:545} INFO - Filling up the DagBag from /opt/airflow/dags/airflow.py
[2025-10-06T18:35:51.268+0000] {processor.py:840} INFO - DAG(s) 'Airflow_Lab1' retrieved from /opt/airflow/dags/airflow.py
[2025-10-06T18:35:51.281+0000] {logging_mixin.py:188} INFO - [2025-10-06T18:35:51.281+0000] {dag.py:3096} INFO - Sync 1 DAGs
[2025-10-06T18:35:51.288+0000] {logging_mixin.py:188} INFO - [2025-10-06T18:35:51.288+0000] {dag.py:3954} INFO - Setting next_dagrun for Airflow_Lab1 to 2025-10-06 00:00:00+00:00, run_after=2025-10-07 00:00:00+00:00
[2025-10-06T18:35:51.295+0000] {processor.py:183} INFO - Processing /opt/airflow/dags/airflow.py took 0.596 seconds
[2025-10-06T18:36:21.570+0000] {processor.py:161} INFO - Started process (PID=514) to work on /opt/airflow/dags/airflow.py
[2025-10-06T18:36:21.571+0000] {processor.py:830} INFO - Processing file /opt/airflow/dags/airflow.py for tasks to queue
[2025-10-06T18:36:21.572+0000] {logging_mixin.py:188} INFO - [2025-10-06T18:36:21.572+0000] {dagbag.py:545} INFO - Filling up the DagBag from /opt/airflow/dags/airflow.py
[2025-10-06T18:36:22.205+0000] {processor.py:840} INFO - DAG(s) 'Airflow_Lab1' retrieved from /opt/airflow/dags/airflow.py
[2025-10-06T18:36:22.219+0000] {logging_mixin.py:188} INFO - [2025-10-06T18:36:22.218+0000] {dag.py:3096} INFO - Sync 1 DAGs
[2025-10-06T18:36:22.226+0000] {logging_mixin.py:188} INFO - [2025-10-06T18:36:22.226+0000] {dag.py:3954} INFO - Setting next_dagrun for Airflow_Lab1 to 2025-10-06 00:00:00+00:00, run_after=2025-10-07 00:00:00+00:00
[2025-10-06T18:36:22.232+0000] {processor.py:183} INFO - Processing /opt/airflow/dags/airflow.py took 0.669 seconds
[2025-10-06T18:36:52.462+0000] {processor.py:161} INFO - Started process (PID=532) to work on /opt/airflow/dags/airflow.py
[2025-10-06T18:36:52.463+0000] {processor.py:830} INFO - Processing file /opt/airflow/dags/airflow.py for tasks to queue
[2025-10-06T18:36:52.464+0000] {logging_mixin.py:188} INFO - [2025-10-06T18:36:52.464+0000] {dagbag.py:545} INFO - Filling up the DagBag from /opt/airflow/dags/airflow.py
[2025-10-06T18:36:53.043+0000] {processor.py:840} INFO - DAG(s) 'Airflow_Lab1' retrieved from /opt/airflow/dags/airflow.py
[2025-10-06T18:36:53.055+0000] {logging_mixin.py:188} INFO - [2025-10-06T18:36:53.054+0000] {dag.py:3096} INFO - Sync 1 DAGs
[2025-10-06T18:36:53.062+0000] {logging_mixin.py:188} INFO - [2025-10-06T18:36:53.062+0000] {dag.py:3954} INFO - Setting next_dagrun for Airflow_Lab1 to 2025-10-06 00:00:00+00:00, run_after=2025-10-07 00:00:00+00:00
[2025-10-06T18:36:53.070+0000] {processor.py:183} INFO - Processing /opt/airflow/dags/airflow.py took 0.616 seconds
[2025-10-06T18:37:23.370+0000] {processor.py:161} INFO - Started process (PID=550) to work on /opt/airflow/dags/airflow.py
[2025-10-06T18:37:23.371+0000] {processor.py:830} INFO - Processing file /opt/airflow/dags/airflow.py for tasks to queue
[2025-10-06T18:37:23.372+0000] {logging_mixin.py:188} INFO - [2025-10-06T18:37:23.372+0000] {dagbag.py:545} INFO - Filling up the DagBag from /opt/airflow/dags/airflow.py
[2025-10-06T18:37:23.925+0000] {processor.py:840} INFO - DAG(s) 'Airflow_Lab1' retrieved from /opt/airflow/dags/airflow.py
[2025-10-06T18:37:23.936+0000] {logging_mixin.py:188} INFO - [2025-10-06T18:37:23.936+0000] {dag.py:3096} INFO - Sync 1 DAGs
[2025-10-06T18:37:23.944+0000] {logging_mixin.py:188} INFO - [2025-10-06T18:37:23.944+0000] {dag.py:3954} INFO - Setting next_dagrun for Airflow_Lab1 to 2025-10-06 00:00:00+00:00, run_after=2025-10-07 00:00:00+00:00
[2025-10-06T18:37:23.950+0000] {processor.py:183} INFO - Processing /opt/airflow/dags/airflow.py took 0.587 seconds
[2025-10-06T18:37:54.096+0000] {processor.py:161} INFO - Started process (PID=568) to work on /opt/airflow/dags/airflow.py
[2025-10-06T18:37:54.097+0000] {processor.py:830} INFO - Processing file /opt/airflow/dags/airflow.py for tasks to queue
[2025-10-06T18:37:54.097+0000] {logging_mixin.py:188} INFO - [2025-10-06T18:37:54.097+0000] {dagbag.py:545} INFO - Filling up the DagBag from /opt/airflow/dags/airflow.py
[2025-10-06T18:37:54.686+0000] {processor.py:840} INFO - DAG(s) 'Airflow_Lab1' retrieved from /opt/airflow/dags/airflow.py
[2025-10-06T18:37:54.699+0000] {logging_mixin.py:188} INFO - [2025-10-06T18:37:54.699+0000] {dag.py:3096} INFO - Sync 1 DAGs
[2025-10-06T18:37:54.709+0000] {logging_mixin.py:188} INFO - [2025-10-06T18:37:54.709+0000] {dag.py:3954} INFO - Setting next_dagrun for Airflow_Lab1 to 2025-10-06 00:00:00+00:00, run_after=2025-10-07 00:00:00+00:00
[2025-10-06T18:37:54.718+0000] {processor.py:183} INFO - Processing /opt/airflow/dags/airflow.py took 0.627 seconds
[2025-10-06T18:38:24.997+0000] {processor.py:161} INFO - Started process (PID=586) to work on /opt/airflow/dags/airflow.py
[2025-10-06T18:38:24.999+0000] {processor.py:830} INFO - Processing file /opt/airflow/dags/airflow.py for tasks to queue
[2025-10-06T18:38:25.000+0000] {logging_mixin.py:188} INFO - [2025-10-06T18:38:24.999+0000] {dagbag.py:545} INFO - Filling up the DagBag from /opt/airflow/dags/airflow.py
[2025-10-06T18:38:25.544+0000] {processor.py:840} INFO - DAG(s) 'Airflow_Lab1' retrieved from /opt/airflow/dags/airflow.py
[2025-10-06T18:38:25.556+0000] {logging_mixin.py:188} INFO - [2025-10-06T18:38:25.556+0000] {dag.py:3096} INFO - Sync 1 DAGs
[2025-10-06T18:38:25.564+0000] {logging_mixin.py:188} INFO - [2025-10-06T18:38:25.564+0000] {dag.py:3954} INFO - Setting next_dagrun for Airflow_Lab1 to 2025-10-06 00:00:00+00:00, run_after=2025-10-07 00:00:00+00:00
[2025-10-06T18:38:25.573+0000] {processor.py:183} INFO - Processing /opt/airflow/dags/airflow.py took 0.583 seconds
[2025-10-06T18:38:55.802+0000] {processor.py:161} INFO - Started process (PID=611) to work on /opt/airflow/dags/airflow.py
[2025-10-06T18:38:55.803+0000] {processor.py:830} INFO - Processing file /opt/airflow/dags/airflow.py for tasks to queue
[2025-10-06T18:38:55.804+0000] {logging_mixin.py:188} INFO - [2025-10-06T18:38:55.804+0000] {dagbag.py:545} INFO - Filling up the DagBag from /opt/airflow/dags/airflow.py
[2025-10-06T18:38:56.413+0000] {processor.py:840} INFO - DAG(s) 'Airflow_Lab1' retrieved from /opt/airflow/dags/airflow.py
[2025-10-06T18:38:56.424+0000] {logging_mixin.py:188} INFO - [2025-10-06T18:38:56.424+0000] {dag.py:3096} INFO - Sync 1 DAGs
[2025-10-06T18:38:56.431+0000] {logging_mixin.py:188} INFO - [2025-10-06T18:38:56.431+0000] {dag.py:3954} INFO - Setting next_dagrun for Airflow_Lab1 to 2025-10-06 00:00:00+00:00, run_after=2025-10-07 00:00:00+00:00
[2025-10-06T18:38:56.437+0000] {processor.py:183} INFO - Processing /opt/airflow/dags/airflow.py took 0.643 seconds
[2025-10-06T18:39:26.719+0000] {processor.py:161} INFO - Started process (PID=629) to work on /opt/airflow/dags/airflow.py
[2025-10-06T18:39:26.720+0000] {processor.py:830} INFO - Processing file /opt/airflow/dags/airflow.py for tasks to queue
[2025-10-06T18:39:26.722+0000] {logging_mixin.py:188} INFO - [2025-10-06T18:39:26.721+0000] {dagbag.py:545} INFO - Filling up the DagBag from /opt/airflow/dags/airflow.py
[2025-10-06T18:39:27.273+0000] {processor.py:840} INFO - DAG(s) 'Airflow_Lab1' retrieved from /opt/airflow/dags/airflow.py
[2025-10-06T18:39:27.289+0000] {logging_mixin.py:188} INFO - [2025-10-06T18:39:27.289+0000] {dag.py:3096} INFO - Sync 1 DAGs
[2025-10-06T18:39:27.299+0000] {logging_mixin.py:188} INFO - [2025-10-06T18:39:27.299+0000] {dag.py:3954} INFO - Setting next_dagrun for Airflow_Lab1 to 2025-10-06 00:00:00+00:00, run_after=2025-10-07 00:00:00+00:00
[2025-10-06T18:39:27.308+0000] {processor.py:183} INFO - Processing /opt/airflow/dags/airflow.py took 0.597 seconds
[2025-10-06T18:39:57.579+0000] {processor.py:161} INFO - Started process (PID=647) to work on /opt/airflow/dags/airflow.py
[2025-10-06T18:39:57.580+0000] {processor.py:830} INFO - Processing file /opt/airflow/dags/airflow.py for tasks to queue
[2025-10-06T18:39:57.581+0000] {logging_mixin.py:188} INFO - [2025-10-06T18:39:57.581+0000] {dagbag.py:545} INFO - Filling up the DagBag from /opt/airflow/dags/airflow.py
[2025-10-06T18:39:58.155+0000] {processor.py:840} INFO - DAG(s) 'Airflow_Lab1' retrieved from /opt/airflow/dags/airflow.py
[2025-10-06T18:39:58.166+0000] {logging_mixin.py:188} INFO - [2025-10-06T18:39:58.166+0000] {dag.py:3096} INFO - Sync 1 DAGs
[2025-10-06T18:39:58.172+0000] {logging_mixin.py:188} INFO - [2025-10-06T18:39:58.172+0000] {dag.py:3954} INFO - Setting next_dagrun for Airflow_Lab1 to 2025-10-06 00:00:00+00:00, run_after=2025-10-07 00:00:00+00:00
[2025-10-06T18:39:58.179+0000] {processor.py:183} INFO - Processing /opt/airflow/dags/airflow.py took 0.608 seconds
[2025-10-06T18:40:28.477+0000] {processor.py:161} INFO - Started process (PID=665) to work on /opt/airflow/dags/airflow.py
[2025-10-06T18:40:28.479+0000] {processor.py:830} INFO - Processing file /opt/airflow/dags/airflow.py for tasks to queue
[2025-10-06T18:40:28.480+0000] {logging_mixin.py:188} INFO - [2025-10-06T18:40:28.480+0000] {dagbag.py:545} INFO - Filling up the DagBag from /opt/airflow/dags/airflow.py
[2025-10-06T18:40:29.020+0000] {processor.py:840} INFO - DAG(s) 'Airflow_Lab1' retrieved from /opt/airflow/dags/airflow.py
[2025-10-06T18:40:29.031+0000] {logging_mixin.py:188} INFO - [2025-10-06T18:40:29.030+0000] {dag.py:3096} INFO - Sync 1 DAGs
[2025-10-06T18:40:29.037+0000] {logging_mixin.py:188} INFO - [2025-10-06T18:40:29.037+0000] {dag.py:3954} INFO - Setting next_dagrun for Airflow_Lab1 to 2025-10-06 00:00:00+00:00, run_after=2025-10-07 00:00:00+00:00
[2025-10-06T18:40:29.044+0000] {processor.py:183} INFO - Processing /opt/airflow/dags/airflow.py took 0.575 seconds
[2025-10-06T18:40:59.116+0000] {processor.py:161} INFO - Started process (PID=683) to work on /opt/airflow/dags/airflow.py
[2025-10-06T18:40:59.117+0000] {processor.py:830} INFO - Processing file /opt/airflow/dags/airflow.py for tasks to queue
[2025-10-06T18:40:59.119+0000] {logging_mixin.py:188} INFO - [2025-10-06T18:40:59.118+0000] {dagbag.py:545} INFO - Filling up the DagBag from /opt/airflow/dags/airflow.py
[2025-10-06T18:40:59.783+0000] {processor.py:840} INFO - DAG(s) 'Airflow_Lab1' retrieved from /opt/airflow/dags/airflow.py
[2025-10-06T18:40:59.798+0000] {logging_mixin.py:188} INFO - [2025-10-06T18:40:59.798+0000] {dag.py:3096} INFO - Sync 1 DAGs
[2025-10-06T18:40:59.806+0000] {logging_mixin.py:188} INFO - [2025-10-06T18:40:59.806+0000] {dag.py:3954} INFO - Setting next_dagrun for Airflow_Lab1 to 2025-10-06 00:00:00+00:00, run_after=2025-10-07 00:00:00+00:00
[2025-10-06T18:40:59.813+0000] {processor.py:183} INFO - Processing /opt/airflow/dags/airflow.py took 0.707 seconds
[2025-10-06T18:41:30.100+0000] {processor.py:161} INFO - Started process (PID=701) to work on /opt/airflow/dags/airflow.py
[2025-10-06T18:41:30.100+0000] {processor.py:830} INFO - Processing file /opt/airflow/dags/airflow.py for tasks to queue
[2025-10-06T18:41:30.101+0000] {logging_mixin.py:188} INFO - [2025-10-06T18:41:30.101+0000] {dagbag.py:545} INFO - Filling up the DagBag from /opt/airflow/dags/airflow.py
[2025-10-06T18:41:30.810+0000] {processor.py:840} INFO - DAG(s) 'Airflow_Lab1' retrieved from /opt/airflow/dags/airflow.py
[2025-10-06T18:41:30.824+0000] {logging_mixin.py:188} INFO - [2025-10-06T18:41:30.824+0000] {dag.py:3096} INFO - Sync 1 DAGs
[2025-10-06T18:41:30.832+0000] {logging_mixin.py:188} INFO - [2025-10-06T18:41:30.832+0000] {dag.py:3954} INFO - Setting next_dagrun for Airflow_Lab1 to 2025-10-06 00:00:00+00:00, run_after=2025-10-07 00:00:00+00:00
[2025-10-06T18:41:30.838+0000] {processor.py:183} INFO - Processing /opt/airflow/dags/airflow.py took 0.743 seconds
[2025-10-06T18:42:01.129+0000] {processor.py:161} INFO - Started process (PID=719) to work on /opt/airflow/dags/airflow.py
[2025-10-06T18:42:01.129+0000] {processor.py:830} INFO - Processing file /opt/airflow/dags/airflow.py for tasks to queue
[2025-10-06T18:42:01.130+0000] {logging_mixin.py:188} INFO - [2025-10-06T18:42:01.130+0000] {dagbag.py:545} INFO - Filling up the DagBag from /opt/airflow/dags/airflow.py
[2025-10-06T18:42:01.719+0000] {processor.py:840} INFO - DAG(s) 'Airflow_Lab1' retrieved from /opt/airflow/dags/airflow.py
[2025-10-06T18:42:01.732+0000] {logging_mixin.py:188} INFO - [2025-10-06T18:42:01.731+0000] {dag.py:3096} INFO - Sync 1 DAGs
[2025-10-06T18:42:01.738+0000] {logging_mixin.py:188} INFO - [2025-10-06T18:42:01.738+0000] {dag.py:3954} INFO - Setting next_dagrun for Airflow_Lab1 to 2025-10-06 00:00:00+00:00, run_after=2025-10-07 00:00:00+00:00
[2025-10-06T18:42:01.744+0000] {processor.py:183} INFO - Processing /opt/airflow/dags/airflow.py took 0.621 seconds
[2025-10-06T18:42:32.032+0000] {processor.py:161} INFO - Started process (PID=737) to work on /opt/airflow/dags/airflow.py
[2025-10-06T18:42:32.032+0000] {processor.py:830} INFO - Processing file /opt/airflow/dags/airflow.py for tasks to queue
[2025-10-06T18:42:32.033+0000] {logging_mixin.py:188} INFO - [2025-10-06T18:42:32.033+0000] {dagbag.py:545} INFO - Filling up the DagBag from /opt/airflow/dags/airflow.py
[2025-10-06T18:42:32.602+0000] {processor.py:840} INFO - DAG(s) 'Airflow_Lab1' retrieved from /opt/airflow/dags/airflow.py
[2025-10-06T18:42:32.612+0000] {logging_mixin.py:188} INFO - [2025-10-06T18:42:32.612+0000] {dag.py:3096} INFO - Sync 1 DAGs
[2025-10-06T18:42:32.619+0000] {logging_mixin.py:188} INFO - [2025-10-06T18:42:32.619+0000] {dag.py:3954} INFO - Setting next_dagrun for Airflow_Lab1 to 2025-10-06 00:00:00+00:00, run_after=2025-10-07 00:00:00+00:00
[2025-10-06T18:42:32.625+0000] {processor.py:183} INFO - Processing /opt/airflow/dags/airflow.py took 0.598 seconds
[2025-10-06T18:43:02.737+0000] {processor.py:161} INFO - Started process (PID=755) to work on /opt/airflow/dags/airflow.py
[2025-10-06T18:43:02.739+0000] {processor.py:830} INFO - Processing file /opt/airflow/dags/airflow.py for tasks to queue
[2025-10-06T18:43:02.741+0000] {logging_mixin.py:188} INFO - [2025-10-06T18:43:02.740+0000] {dagbag.py:545} INFO - Filling up the DagBag from /opt/airflow/dags/airflow.py
[2025-10-06T18:43:03.613+0000] {processor.py:840} INFO - DAG(s) 'Airflow_Lab1' retrieved from /opt/airflow/dags/airflow.py
[2025-10-06T18:43:03.626+0000] {logging_mixin.py:188} INFO - [2025-10-06T18:43:03.626+0000] {dag.py:3096} INFO - Sync 1 DAGs
[2025-10-06T18:43:03.638+0000] {logging_mixin.py:188} INFO - [2025-10-06T18:43:03.638+0000] {dag.py:3954} INFO - Setting next_dagrun for Airflow_Lab1 to 2025-10-06 00:00:00+00:00, run_after=2025-10-07 00:00:00+00:00
[2025-10-06T18:43:03.645+0000] {processor.py:183} INFO - Processing /opt/airflow/dags/airflow.py took 0.917 seconds
[2025-10-06T18:43:33.941+0000] {processor.py:161} INFO - Started process (PID=773) to work on /opt/airflow/dags/airflow.py
[2025-10-06T18:43:33.942+0000] {processor.py:830} INFO - Processing file /opt/airflow/dags/airflow.py for tasks to queue
[2025-10-06T18:43:33.943+0000] {logging_mixin.py:188} INFO - [2025-10-06T18:43:33.942+0000] {dagbag.py:545} INFO - Filling up the DagBag from /opt/airflow/dags/airflow.py
[2025-10-06T18:43:34.775+0000] {processor.py:840} INFO - DAG(s) 'Airflow_Lab1' retrieved from /opt/airflow/dags/airflow.py
[2025-10-06T18:43:34.790+0000] {logging_mixin.py:188} INFO - [2025-10-06T18:43:34.790+0000] {dag.py:3096} INFO - Sync 1 DAGs
[2025-10-06T18:43:34.799+0000] {logging_mixin.py:188} INFO - [2025-10-06T18:43:34.799+0000] {dag.py:3954} INFO - Setting next_dagrun for Airflow_Lab1 to 2025-10-06 00:00:00+00:00, run_after=2025-10-07 00:00:00+00:00
[2025-10-06T18:43:34.805+0000] {processor.py:183} INFO - Processing /opt/airflow/dags/airflow.py took 0.873 seconds
[2025-10-06T18:44:05.146+0000] {processor.py:161} INFO - Started process (PID=791) to work on /opt/airflow/dags/airflow.py
[2025-10-06T18:44:05.147+0000] {processor.py:830} INFO - Processing file /opt/airflow/dags/airflow.py for tasks to queue
[2025-10-06T18:44:05.148+0000] {logging_mixin.py:188} INFO - [2025-10-06T18:44:05.148+0000] {dagbag.py:545} INFO - Filling up the DagBag from /opt/airflow/dags/airflow.py
[2025-10-06T18:44:05.913+0000] {processor.py:840} INFO - DAG(s) 'Airflow_Lab1' retrieved from /opt/airflow/dags/airflow.py
[2025-10-06T18:44:05.937+0000] {logging_mixin.py:188} INFO - [2025-10-06T18:44:05.936+0000] {dag.py:3096} INFO - Sync 1 DAGs
[2025-10-06T18:44:05.946+0000] {logging_mixin.py:188} INFO - [2025-10-06T18:44:05.946+0000] {dag.py:3954} INFO - Setting next_dagrun for Airflow_Lab1 to 2025-10-06 00:00:00+00:00, run_after=2025-10-07 00:00:00+00:00
[2025-10-06T18:44:05.952+0000] {processor.py:183} INFO - Processing /opt/airflow/dags/airflow.py took 0.823 seconds
[2025-10-06T18:44:36.255+0000] {processor.py:161} INFO - Started process (PID=809) to work on /opt/airflow/dags/airflow.py
[2025-10-06T18:44:36.257+0000] {processor.py:830} INFO - Processing file /opt/airflow/dags/airflow.py for tasks to queue
[2025-10-06T18:44:36.258+0000] {logging_mixin.py:188} INFO - [2025-10-06T18:44:36.257+0000] {dagbag.py:545} INFO - Filling up the DagBag from /opt/airflow/dags/airflow.py
[2025-10-06T18:44:36.835+0000] {processor.py:840} INFO - DAG(s) 'Airflow_Lab1' retrieved from /opt/airflow/dags/airflow.py
[2025-10-06T18:44:36.845+0000] {logging_mixin.py:188} INFO - [2025-10-06T18:44:36.845+0000] {dag.py:3096} INFO - Sync 1 DAGs
[2025-10-06T18:44:36.852+0000] {logging_mixin.py:188} INFO - [2025-10-06T18:44:36.852+0000] {dag.py:3954} INFO - Setting next_dagrun for Airflow_Lab1 to 2025-10-06 00:00:00+00:00, run_after=2025-10-07 00:00:00+00:00
[2025-10-06T18:44:36.857+0000] {processor.py:183} INFO - Processing /opt/airflow/dags/airflow.py took 0.609 seconds
[2025-10-06T18:45:07.135+0000] {processor.py:161} INFO - Started process (PID=827) to work on /opt/airflow/dags/airflow.py
[2025-10-06T18:45:07.137+0000] {processor.py:830} INFO - Processing file /opt/airflow/dags/airflow.py for tasks to queue
[2025-10-06T18:45:07.140+0000] {logging_mixin.py:188} INFO - [2025-10-06T18:45:07.139+0000] {dagbag.py:545} INFO - Filling up the DagBag from /opt/airflow/dags/airflow.py
[2025-10-06T18:45:07.807+0000] {processor.py:840} INFO - DAG(s) 'Airflow_Lab1' retrieved from /opt/airflow/dags/airflow.py
[2025-10-06T18:45:07.821+0000] {logging_mixin.py:188} INFO - [2025-10-06T18:45:07.821+0000] {dag.py:3096} INFO - Sync 1 DAGs
[2025-10-06T18:45:07.832+0000] {logging_mixin.py:188} INFO - [2025-10-06T18:45:07.832+0000] {dag.py:3954} INFO - Setting next_dagrun for Airflow_Lab1 to 2025-10-06 00:00:00+00:00, run_after=2025-10-07 00:00:00+00:00
[2025-10-06T18:45:07.838+0000] {processor.py:183} INFO - Processing /opt/airflow/dags/airflow.py took 0.721 seconds
[2025-10-06T18:45:38.015+0000] {processor.py:161} INFO - Started process (PID=845) to work on /opt/airflow/dags/airflow.py
[2025-10-06T18:45:38.016+0000] {processor.py:830} INFO - Processing file /opt/airflow/dags/airflow.py for tasks to queue
[2025-10-06T18:45:38.017+0000] {logging_mixin.py:188} INFO - [2025-10-06T18:45:38.017+0000] {dagbag.py:545} INFO - Filling up the DagBag from /opt/airflow/dags/airflow.py
[2025-10-06T18:45:38.485+0000] {processor.py:840} INFO - DAG(s) 'Airflow_Lab1' retrieved from /opt/airflow/dags/airflow.py
[2025-10-06T18:45:38.498+0000] {logging_mixin.py:188} INFO - [2025-10-06T18:45:38.498+0000] {dag.py:3096} INFO - Sync 1 DAGs
[2025-10-06T18:45:38.506+0000] {logging_mixin.py:188} INFO - [2025-10-06T18:45:38.506+0000] {dag.py:3954} INFO - Setting next_dagrun for Airflow_Lab1 to 2025-10-06 00:00:00+00:00, run_after=2025-10-07 00:00:00+00:00
[2025-10-06T18:45:38.513+0000] {processor.py:183} INFO - Processing /opt/airflow/dags/airflow.py took 0.503 seconds
[2025-10-06T18:46:08.801+0000] {processor.py:161} INFO - Started process (PID=863) to work on /opt/airflow/dags/airflow.py
[2025-10-06T18:46:08.802+0000] {processor.py:830} INFO - Processing file /opt/airflow/dags/airflow.py for tasks to queue
[2025-10-06T18:46:08.804+0000] {logging_mixin.py:188} INFO - [2025-10-06T18:46:08.803+0000] {dagbag.py:545} INFO - Filling up the DagBag from /opt/airflow/dags/airflow.py
[2025-10-06T18:46:09.394+0000] {processor.py:840} INFO - DAG(s) 'Airflow_Lab1' retrieved from /opt/airflow/dags/airflow.py
[2025-10-06T18:46:09.405+0000] {logging_mixin.py:188} INFO - [2025-10-06T18:46:09.405+0000] {dag.py:3096} INFO - Sync 1 DAGs
[2025-10-06T18:46:09.412+0000] {logging_mixin.py:188} INFO - [2025-10-06T18:46:09.412+0000] {dag.py:3954} INFO - Setting next_dagrun for Airflow_Lab1 to 2025-10-06 00:00:00+00:00, run_after=2025-10-07 00:00:00+00:00
[2025-10-06T18:46:09.418+0000] {processor.py:183} INFO - Processing /opt/airflow/dags/airflow.py took 0.637 seconds
[2025-10-06T18:46:39.565+0000] {processor.py:161} INFO - Started process (PID=881) to work on /opt/airflow/dags/airflow.py
[2025-10-06T18:46:39.567+0000] {processor.py:830} INFO - Processing file /opt/airflow/dags/airflow.py for tasks to queue
[2025-10-06T18:46:39.567+0000] {logging_mixin.py:188} INFO - [2025-10-06T18:46:39.567+0000] {dagbag.py:545} INFO - Filling up the DagBag from /opt/airflow/dags/airflow.py
[2025-10-06T18:46:40.017+0000] {processor.py:840} INFO - DAG(s) 'Airflow_Lab1' retrieved from /opt/airflow/dags/airflow.py
[2025-10-06T18:46:40.027+0000] {logging_mixin.py:188} INFO - [2025-10-06T18:46:40.026+0000] {dag.py:3096} INFO - Sync 1 DAGs
[2025-10-06T18:46:40.033+0000] {logging_mixin.py:188} INFO - [2025-10-06T18:46:40.033+0000] {dag.py:3954} INFO - Setting next_dagrun for Airflow_Lab1 to 2025-10-06 00:00:00+00:00, run_after=2025-10-07 00:00:00+00:00
[2025-10-06T18:46:40.039+0000] {processor.py:183} INFO - Processing /opt/airflow/dags/airflow.py took 0.480 seconds
[2025-10-06T18:47:10.347+0000] {processor.py:161} INFO - Started process (PID=899) to work on /opt/airflow/dags/airflow.py
[2025-10-06T18:47:10.348+0000] {processor.py:830} INFO - Processing file /opt/airflow/dags/airflow.py for tasks to queue
[2025-10-06T18:47:10.348+0000] {logging_mixin.py:188} INFO - [2025-10-06T18:47:10.348+0000] {dagbag.py:545} INFO - Filling up the DagBag from /opt/airflow/dags/airflow.py
[2025-10-06T18:47:10.826+0000] {processor.py:840} INFO - DAG(s) 'Airflow_Lab1' retrieved from /opt/airflow/dags/airflow.py
[2025-10-06T18:47:10.837+0000] {logging_mixin.py:188} INFO - [2025-10-06T18:47:10.836+0000] {dag.py:3096} INFO - Sync 1 DAGs
[2025-10-06T18:47:10.844+0000] {logging_mixin.py:188} INFO - [2025-10-06T18:47:10.843+0000] {dag.py:3954} INFO - Setting next_dagrun for Airflow_Lab1 to 2025-10-06 00:00:00+00:00, run_after=2025-10-07 00:00:00+00:00
[2025-10-06T18:47:10.849+0000] {processor.py:183} INFO - Processing /opt/airflow/dags/airflow.py took 0.508 seconds
[2025-10-06T18:47:41.090+0000] {processor.py:161} INFO - Started process (PID=917) to work on /opt/airflow/dags/airflow.py
[2025-10-06T18:47:41.091+0000] {processor.py:830} INFO - Processing file /opt/airflow/dags/airflow.py for tasks to queue
[2025-10-06T18:47:41.092+0000] {logging_mixin.py:188} INFO - [2025-10-06T18:47:41.092+0000] {dagbag.py:545} INFO - Filling up the DagBag from /opt/airflow/dags/airflow.py
[2025-10-06T18:47:41.718+0000] {processor.py:840} INFO - DAG(s) 'Airflow_Lab1' retrieved from /opt/airflow/dags/airflow.py
[2025-10-06T18:47:41.733+0000] {logging_mixin.py:188} INFO - [2025-10-06T18:47:41.733+0000] {dag.py:3096} INFO - Sync 1 DAGs
[2025-10-06T18:47:41.740+0000] {logging_mixin.py:188} INFO - [2025-10-06T18:47:41.740+0000] {dag.py:3954} INFO - Setting next_dagrun for Airflow_Lab1 to 2025-10-06 00:00:00+00:00, run_after=2025-10-07 00:00:00+00:00
[2025-10-06T18:47:41.747+0000] {processor.py:183} INFO - Processing /opt/airflow/dags/airflow.py took 0.666 seconds
[2025-10-06T18:48:11.790+0000] {processor.py:161} INFO - Started process (PID=935) to work on /opt/airflow/dags/airflow.py
[2025-10-06T18:48:11.791+0000] {processor.py:830} INFO - Processing file /opt/airflow/dags/airflow.py for tasks to queue
[2025-10-06T18:48:11.792+0000] {logging_mixin.py:188} INFO - [2025-10-06T18:48:11.792+0000] {dagbag.py:545} INFO - Filling up the DagBag from /opt/airflow/dags/airflow.py
[2025-10-06T18:48:12.290+0000] {processor.py:840} INFO - DAG(s) 'Airflow_Lab1' retrieved from /opt/airflow/dags/airflow.py
[2025-10-06T18:48:12.301+0000] {logging_mixin.py:188} INFO - [2025-10-06T18:48:12.300+0000] {dag.py:3096} INFO - Sync 1 DAGs
[2025-10-06T18:48:12.308+0000] {logging_mixin.py:188} INFO - [2025-10-06T18:48:12.308+0000] {dag.py:3954} INFO - Setting next_dagrun for Airflow_Lab1 to 2025-10-06 00:00:00+00:00, run_after=2025-10-07 00:00:00+00:00
[2025-10-06T18:48:12.315+0000] {processor.py:183} INFO - Processing /opt/airflow/dags/airflow.py took 0.531 seconds
[2025-10-06T18:48:42.559+0000] {processor.py:161} INFO - Started process (PID=953) to work on /opt/airflow/dags/airflow.py
[2025-10-06T18:48:42.560+0000] {processor.py:830} INFO - Processing file /opt/airflow/dags/airflow.py for tasks to queue
[2025-10-06T18:48:42.562+0000] {logging_mixin.py:188} INFO - [2025-10-06T18:48:42.561+0000] {dagbag.py:545} INFO - Filling up the DagBag from /opt/airflow/dags/airflow.py
[2025-10-06T18:48:43.054+0000] {processor.py:840} INFO - DAG(s) 'Airflow_Lab1' retrieved from /opt/airflow/dags/airflow.py
[2025-10-06T18:48:43.063+0000] {logging_mixin.py:188} INFO - [2025-10-06T18:48:43.063+0000] {dag.py:3096} INFO - Sync 1 DAGs
[2025-10-06T18:48:43.069+0000] {logging_mixin.py:188} INFO - [2025-10-06T18:48:43.069+0000] {dag.py:3954} INFO - Setting next_dagrun for Airflow_Lab1 to 2025-10-06 00:00:00+00:00, run_after=2025-10-07 00:00:00+00:00
[2025-10-06T18:48:43.075+0000] {processor.py:183} INFO - Processing /opt/airflow/dags/airflow.py took 0.520 seconds
[2025-10-06T18:49:13.333+0000] {processor.py:161} INFO - Started process (PID=971) to work on /opt/airflow/dags/airflow.py
[2025-10-06T18:49:13.335+0000] {processor.py:830} INFO - Processing file /opt/airflow/dags/airflow.py for tasks to queue
[2025-10-06T18:49:13.337+0000] {logging_mixin.py:188} INFO - [2025-10-06T18:49:13.336+0000] {dagbag.py:545} INFO - Filling up the DagBag from /opt/airflow/dags/airflow.py
[2025-10-06T18:49:14.090+0000] {processor.py:840} INFO - DAG(s) 'Airflow_Lab1' retrieved from /opt/airflow/dags/airflow.py
[2025-10-06T18:49:14.101+0000] {logging_mixin.py:188} INFO - [2025-10-06T18:49:14.100+0000] {dag.py:3096} INFO - Sync 1 DAGs
[2025-10-06T18:49:14.108+0000] {logging_mixin.py:188} INFO - [2025-10-06T18:49:14.108+0000] {dag.py:3954} INFO - Setting next_dagrun for Airflow_Lab1 to 2025-10-06 00:00:00+00:00, run_after=2025-10-07 00:00:00+00:00
[2025-10-06T18:49:14.115+0000] {processor.py:183} INFO - Processing /opt/airflow/dags/airflow.py took 0.795 seconds
[2025-10-06T18:49:44.380+0000] {processor.py:161} INFO - Started process (PID=989) to work on /opt/airflow/dags/airflow.py
[2025-10-06T18:49:44.382+0000] {processor.py:830} INFO - Processing file /opt/airflow/dags/airflow.py for tasks to queue
[2025-10-06T18:49:44.382+0000] {logging_mixin.py:188} INFO - [2025-10-06T18:49:44.382+0000] {dagbag.py:545} INFO - Filling up the DagBag from /opt/airflow/dags/airflow.py
[2025-10-06T18:49:44.837+0000] {processor.py:840} INFO - DAG(s) 'Airflow_Lab1' retrieved from /opt/airflow/dags/airflow.py
[2025-10-06T18:49:44.848+0000] {logging_mixin.py:188} INFO - [2025-10-06T18:49:44.847+0000] {dag.py:3096} INFO - Sync 1 DAGs
[2025-10-06T18:49:44.855+0000] {logging_mixin.py:188} INFO - [2025-10-06T18:49:44.855+0000] {dag.py:3954} INFO - Setting next_dagrun for Airflow_Lab1 to 2025-10-06 00:00:00+00:00, run_after=2025-10-07 00:00:00+00:00
[2025-10-06T18:49:44.860+0000] {processor.py:183} INFO - Processing /opt/airflow/dags/airflow.py took 0.489 seconds
