[2025-10-06T18:18:51.297+0000] {manager.py:470} INFO - Processing files using up to 2 processes at a time 
[2025-10-06T18:18:51.304+0000] {manager.py:471} INFO - Process each file at most once every 30 seconds
[2025-10-06T18:18:51.305+0000] {manager.py:472} INFO - Checking for new files in /opt/airflow/dags every 300 seconds
[2025-10-06T18:18:51.305+0000] {manager.py:737} INFO - Searching for files in /opt/airflow/dags
[2025-10-06T18:18:51.316+0000] {manager.py:740} INFO - There are 1 files in /opt/airflow/dags
[2025-10-06T18:18:51.373+0000] {manager.py:878} INFO - 
================================================================================
DAG File Processing Stats

File Path                       PID  Runtime      # DAGs    # Errors  Last Runtime    Last Run
----------------------------  -----  ---------  --------  ----------  --------------  ----------
/opt/airflow/dags/airflow.py     89  0.03s             0           0
================================================================================
[2025-10-06T18:19:21.590+0000] {manager.py:878} INFO - 
================================================================================
DAG File Processing Stats

File Path                       PID  Runtime      # DAGs    # Errors  Last Runtime    Last Run
----------------------------  -----  ---------  --------  ----------  --------------  -------------------
/opt/airflow/dags/airflow.py     97  0.01s             0           1  0.05s           2025-10-06T18:18:51
================================================================================
[2025-10-06T18:19:51.876+0000] {manager.py:878} INFO - 
================================================================================
DAG File Processing Stats

File Path                       PID  Runtime      # DAGs    # Errors  Last Runtime    Last Run
----------------------------  -----  ---------  --------  ----------  --------------  -------------------
/opt/airflow/dags/airflow.py    104  0.00s             0           1  0.05s           2025-10-06T18:19:21
================================================================================
[2025-10-06T18:20:22.183+0000] {manager.py:878} INFO - 
================================================================================
DAG File Processing Stats

File Path                       PID  Runtime      # DAGs    # Errors  Last Runtime    Last Run
----------------------------  -----  ---------  --------  ----------  --------------  -------------------
/opt/airflow/dags/airflow.py    111  0.00s             0           1  0.03s           2025-10-06T18:19:51
================================================================================
[2025-10-06T18:20:52.445+0000] {manager.py:878} INFO - 
================================================================================
DAG File Processing Stats

File Path                       PID  Runtime      # DAGs    # Errors  Last Runtime    Last Run
----------------------------  -----  ---------  --------  ----------  --------------  -------------------
/opt/airflow/dags/airflow.py    118  0.00s             0           1  0.04s           2025-10-06T18:20:22
================================================================================
[2025-10-06T18:21:22.696+0000] {manager.py:878} INFO - 
================================================================================
DAG File Processing Stats

File Path                       PID  Runtime      # DAGs    # Errors  Last Runtime    Last Run
----------------------------  -----  ---------  --------  ----------  --------------  -------------------
/opt/airflow/dags/airflow.py    125  0.00s             0           1  0.03s           2025-10-06T18:20:52
================================================================================
[2025-10-06T18:21:32.901+0000] {manager.py:452} INFO - Exiting gracefully upon receiving signal 15
[2025-10-06T18:24:51.730+0000] {manager.py:470} INFO - Processing files using up to 2 processes at a time 
[2025-10-06T18:24:51.731+0000] {manager.py:471} INFO - Process each file at most once every 30 seconds
[2025-10-06T18:24:51.737+0000] {manager.py:472} INFO - Checking for new files in /opt/airflow/dags every 300 seconds
[2025-10-06T18:24:51.745+0000] {manager.py:737} INFO - Searching for files in /opt/airflow/dags
[2025-10-06T18:24:51.776+0000] {manager.py:740} INFO - There are 1 files in /opt/airflow/dags
[2025-10-06T18:24:51.948+0000] {manager.py:878} INFO - 
================================================================================
DAG File Processing Stats

File Path                       PID  Runtime      # DAGs    # Errors  Last Runtime    Last Run
----------------------------  -----  ---------  --------  ----------  --------------  ----------
/opt/airflow/dags/airflow.py     84  0.06s             0           0
================================================================================
[2025-10-06T18:25:22.125+0000] {manager.py:878} INFO - 
================================================================================
DAG File Processing Stats

File Path                     PID    Runtime      # DAGs    # Errors  Last Runtime    Last Run
----------------------------  -----  ---------  --------  ----------  --------------  -------------------
/opt/airflow/dags/airflow.py                           1           0  3.36s           2025-10-06T18:24:55
================================================================================
[2025-10-06T18:25:52.351+0000] {manager.py:878} INFO - 
================================================================================
DAG File Processing Stats

File Path                     PID    Runtime      # DAGs    # Errors  Last Runtime    Last Run
----------------------------  -----  ---------  --------  ----------  --------------  -------------------
/opt/airflow/dags/airflow.py                           1           0  0.95s           2025-10-06T18:25:26
================================================================================
[2025-10-06T18:26:22.451+0000] {manager.py:878} INFO - 
================================================================================
DAG File Processing Stats

File Path                     PID    Runtime      # DAGs    # Errors  Last Runtime    Last Run
----------------------------  -----  ---------  --------  ----------  --------------  -------------------
/opt/airflow/dags/airflow.py                           1           0  1.00s           2025-10-06T18:25:57
================================================================================
[2025-10-06T18:26:52.864+0000] {manager.py:878} INFO - 
================================================================================
DAG File Processing Stats

File Path                     PID    Runtime      # DAGs    # Errors  Last Runtime    Last Run
----------------------------  -----  ---------  --------  ----------  --------------  -------------------
/opt/airflow/dags/airflow.py                           1           0  1.10s           2025-10-06T18:26:28
================================================================================
[2025-10-06T18:27:23.031+0000] {manager.py:878} INFO - 
================================================================================
DAG File Processing Stats

File Path                     PID    Runtime      # DAGs    # Errors  Last Runtime    Last Run
----------------------------  -----  ---------  --------  ----------  --------------  -------------------
/opt/airflow/dags/airflow.py                           1           0  0.93s           2025-10-06T18:26:59
================================================================================
[2025-10-06T18:27:53.348+0000] {manager.py:878} INFO - 
================================================================================
DAG File Processing Stats

File Path                     PID    Runtime      # DAGs    # Errors  Last Runtime    Last Run
----------------------------  -----  ---------  --------  ----------  --------------  -------------------
/opt/airflow/dags/airflow.py                           1           0  0.67s           2025-10-06T18:27:30
================================================================================
[2025-10-06T18:28:23.596+0000] {manager.py:878} INFO - 
================================================================================
DAG File Processing Stats

File Path                     PID    Runtime      # DAGs    # Errors  Last Runtime    Last Run
----------------------------  -----  ---------  --------  ----------  --------------  -------------------
/opt/airflow/dags/airflow.py                           1           0  0.85s           2025-10-06T18:28:01
================================================================================
[2025-10-06T18:28:53.868+0000] {manager.py:878} INFO - 
================================================================================
DAG File Processing Stats

File Path                     PID    Runtime      # DAGs    # Errors  Last Runtime    Last Run
----------------------------  -----  ---------  --------  ----------  --------------  -------------------
/opt/airflow/dags/airflow.py                           1           0  0.74s           2025-10-06T18:28:32
================================================================================
[2025-10-06T18:29:23.907+0000] {manager.py:878} INFO - 
================================================================================
DAG File Processing Stats

File Path                     PID    Runtime      # DAGs    # Errors  Last Runtime    Last Run
----------------------------  -----  ---------  --------  ----------  --------------  -------------------
/opt/airflow/dags/airflow.py                           1           0  0.83s           2025-10-06T18:29:03
================================================================================
[2025-10-06T18:29:51.846+0000] {manager.py:737} INFO - Searching for files in /opt/airflow/dags
[2025-10-06T18:29:51.855+0000] {manager.py:740} INFO - There are 1 files in /opt/airflow/dags
[2025-10-06T18:29:54.269+0000] {manager.py:878} INFO - 
================================================================================
DAG File Processing Stats

File Path                     PID    Runtime      # DAGs    # Errors  Last Runtime    Last Run
----------------------------  -----  ---------  --------  ----------  --------------  -------------------
/opt/airflow/dags/airflow.py                           1           0  0.77s           2025-10-06T18:29:34
================================================================================
[2025-10-06T18:30:24.475+0000] {manager.py:878} INFO - 
================================================================================
DAG File Processing Stats

File Path                     PID    Runtime      # DAGs    # Errors  Last Runtime    Last Run
----------------------------  -----  ---------  --------  ----------  --------------  -------------------
/opt/airflow/dags/airflow.py                           1           0  0.72s           2025-10-06T18:30:05
================================================================================
[2025-10-06T18:30:54.675+0000] {manager.py:878} INFO - 
================================================================================
DAG File Processing Stats

File Path                     PID    Runtime      # DAGs    # Errors  Last Runtime    Last Run
----------------------------  -----  ---------  --------  ----------  --------------  -------------------
/opt/airflow/dags/airflow.py                           1           0  0.62s           2025-10-06T18:30:36
================================================================================
[2025-10-06T18:31:24.921+0000] {manager.py:878} INFO - 
================================================================================
DAG File Processing Stats

File Path                     PID    Runtime      # DAGs    # Errors  Last Runtime    Last Run
----------------------------  -----  ---------  --------  ----------  --------------  -------------------
/opt/airflow/dags/airflow.py                           1           0  0.65s           2025-10-06T18:31:07
================================================================================
[2025-10-06T18:31:55.116+0000] {manager.py:878} INFO - 
================================================================================
DAG File Processing Stats

File Path                     PID    Runtime      # DAGs    # Errors  Last Runtime    Last Run
----------------------------  -----  ---------  --------  ----------  --------------  -------------------
/opt/airflow/dags/airflow.py                           1           0  0.56s           2025-10-06T18:31:38
================================================================================
[2025-10-06T18:32:25.363+0000] {manager.py:878} INFO - 
================================================================================
DAG File Processing Stats

File Path                     PID    Runtime      # DAGs    # Errors  Last Runtime    Last Run
----------------------------  -----  ---------  --------  ----------  --------------  -------------------
/opt/airflow/dags/airflow.py                           1           0  0.73s           2025-10-06T18:32:09
================================================================================
[2025-10-06T18:32:55.557+0000] {manager.py:878} INFO - 
================================================================================
DAG File Processing Stats

File Path                     PID    Runtime      # DAGs    # Errors  Last Runtime    Last Run
----------------------------  -----  ---------  --------  ----------  --------------  -------------------
/opt/airflow/dags/airflow.py                           0           1  0.72s           2025-10-06T18:32:48
================================================================================
[2025-10-06T18:33:25.767+0000] {manager.py:878} INFO - 
================================================================================
DAG File Processing Stats

File Path                     PID    Runtime      # DAGs    # Errors  Last Runtime    Last Run
----------------------------  -----  ---------  --------  ----------  --------------  -------------------
/opt/airflow/dags/airflow.py                           0           1  0.66s           2025-10-06T18:33:19
================================================================================
[2025-10-06T18:33:56.385+0000] {manager.py:878} INFO - 
================================================================================
DAG File Processing Stats

File Path                     PID    Runtime      # DAGs    # Errors  Last Runtime    Last Run
----------------------------  -----  ---------  --------  ----------  --------------  -------------------
/opt/airflow/dags/airflow.py                           0           1  0.52s           2025-10-06T18:33:50
================================================================================
[2025-10-06T18:34:26.772+0000] {manager.py:878} INFO - 
================================================================================
DAG File Processing Stats

File Path                     PID    Runtime      # DAGs    # Errors  Last Runtime    Last Run
----------------------------  -----  ---------  --------  ----------  --------------  -------------------
/opt/airflow/dags/airflow.py                           0           1  0.73s           2025-10-06T18:34:21
================================================================================
[2025-10-06T18:34:52.530+0000] {manager.py:737} INFO - Searching for files in /opt/airflow/dags
[2025-10-06T18:34:52.548+0000] {manager.py:740} INFO - There are 1 files in /opt/airflow/dags
[2025-10-06T18:34:57.598+0000] {manager.py:878} INFO - 
================================================================================
DAG File Processing Stats

File Path                     PID    Runtime      # DAGs    # Errors  Last Runtime    Last Run
----------------------------  -----  ---------  --------  ----------  --------------  -------------------
/opt/airflow/dags/airflow.py                           1           0  0.63s           2025-10-06T18:34:49
================================================================================
[2025-10-06T18:35:27.735+0000] {manager.py:878} INFO - 
================================================================================
DAG File Processing Stats

File Path                     PID    Runtime      # DAGs    # Errors  Last Runtime    Last Run
----------------------------  -----  ---------  --------  ----------  --------------  -------------------
/opt/airflow/dags/airflow.py                           1           0  0.73s           2025-10-06T18:35:20
================================================================================
[2025-10-06T18:35:57.987+0000] {manager.py:878} INFO - 
================================================================================
DAG File Processing Stats

File Path                     PID    Runtime      # DAGs    # Errors  Last Runtime    Last Run
----------------------------  -----  ---------  --------  ----------  --------------  -------------------
/opt/airflow/dags/airflow.py                           1           0  0.63s           2025-10-06T18:35:51
================================================================================
[2025-10-06T18:36:28.233+0000] {manager.py:878} INFO - 
================================================================================
DAG File Processing Stats

File Path                     PID    Runtime      # DAGs    # Errors  Last Runtime    Last Run
----------------------------  -----  ---------  --------  ----------  --------------  -------------------
/opt/airflow/dags/airflow.py                           1           0  0.69s           2025-10-06T18:36:22
================================================================================
[2025-10-06T18:36:58.485+0000] {manager.py:878} INFO - 
================================================================================
DAG File Processing Stats

File Path                     PID    Runtime      # DAGs    # Errors  Last Runtime    Last Run
----------------------------  -----  ---------  --------  ----------  --------------  -------------------
/opt/airflow/dags/airflow.py                           1           0  0.64s           2025-10-06T18:36:53
================================================================================
[2025-10-06T18:37:28.661+0000] {manager.py:878} INFO - 
================================================================================
DAG File Processing Stats

File Path                     PID    Runtime      # DAGs    # Errors  Last Runtime    Last Run
----------------------------  -----  ---------  --------  ----------  --------------  -------------------
/opt/airflow/dags/airflow.py                           1           0  0.61s           2025-10-06T18:37:23
================================================================================
[2025-10-06T18:37:58.748+0000] {manager.py:878} INFO - 
================================================================================
DAG File Processing Stats

File Path                     PID    Runtime      # DAGs    # Errors  Last Runtime    Last Run
----------------------------  -----  ---------  --------  ----------  --------------  -------------------
/opt/airflow/dags/airflow.py                           1           0  0.64s           2025-10-06T18:37:54
================================================================================
[2025-10-06T18:38:29.315+0000] {manager.py:878} INFO - 
================================================================================
DAG File Processing Stats

File Path                     PID    Runtime      # DAGs    # Errors  Last Runtime    Last Run
----------------------------  -----  ---------  --------  ----------  --------------  -------------------
/opt/airflow/dags/airflow.py                           1           0  0.61s           2025-10-06T18:38:25
================================================================================
[2025-10-06T18:38:59.474+0000] {manager.py:878} INFO - 
================================================================================
DAG File Processing Stats

File Path                     PID    Runtime      # DAGs    # Errors  Last Runtime    Last Run
----------------------------  -----  ---------  --------  ----------  --------------  -------------------
/opt/airflow/dags/airflow.py                           1           0  0.66s           2025-10-06T18:38:56
================================================================================
[2025-10-06T18:39:30.034+0000] {manager.py:878} INFO - 
================================================================================
DAG File Processing Stats

File Path                     PID    Runtime      # DAGs    # Errors  Last Runtime    Last Run
----------------------------  -----  ---------  --------  ----------  --------------  -------------------
/opt/airflow/dags/airflow.py                           1           0  0.62s           2025-10-06T18:39:27
================================================================================
[2025-10-06T18:39:53.220+0000] {manager.py:737} INFO - Searching for files in /opt/airflow/dags
[2025-10-06T18:39:53.229+0000] {manager.py:740} INFO - There are 1 files in /opt/airflow/dags
[2025-10-06T18:40:00.207+0000] {manager.py:878} INFO - 
================================================================================
DAG File Processing Stats

File Path                     PID    Runtime      # DAGs    # Errors  Last Runtime    Last Run
----------------------------  -----  ---------  --------  ----------  --------------  -------------------
/opt/airflow/dags/airflow.py                           1           0  0.63s           2025-10-06T18:39:58
================================================================================
[2025-10-06T18:40:30.805+0000] {manager.py:878} INFO - 
================================================================================
DAG File Processing Stats

File Path                     PID    Runtime      # DAGs    # Errors  Last Runtime    Last Run
----------------------------  -----  ---------  --------  ----------  --------------  -------------------
/opt/airflow/dags/airflow.py                           1           0  0.60s           2025-10-06T18:40:29
================================================================================
[2025-10-06T18:41:00.837+0000] {manager.py:878} INFO - 
================================================================================
DAG File Processing Stats

File Path                     PID    Runtime      # DAGs    # Errors  Last Runtime    Last Run
----------------------------  -----  ---------  --------  ----------  --------------  -------------------
/opt/airflow/dags/airflow.py                           1           0  0.74s           2025-10-06T18:40:59
================================================================================
[2025-10-06T18:41:30.848+0000] {manager.py:878} INFO - 
================================================================================
DAG File Processing Stats

File Path                     PID    Runtime      # DAGs    # Errors  Last Runtime    Last Run
----------------------------  -----  ---------  --------  ----------  --------------  -------------------
/opt/airflow/dags/airflow.py                           1           0  0.77s           2025-10-06T18:41:30
================================================================================
[2025-10-06T18:42:01.120+0000] {manager.py:878} INFO - 
================================================================================
DAG File Processing Stats

File Path                       PID  Runtime      # DAGs    # Errors  Last Runtime    Last Run
----------------------------  -----  ---------  --------  ----------  --------------  -------------------
/opt/airflow/dags/airflow.py    719  0.01s             1           0  0.77s           2025-10-06T18:41:30
================================================================================
[2025-10-06T18:42:31.427+0000] {manager.py:878} INFO - 
================================================================================
DAG File Processing Stats

File Path                     PID    Runtime      # DAGs    # Errors  Last Runtime    Last Run
----------------------------  -----  ---------  --------  ----------  --------------  -------------------
/opt/airflow/dags/airflow.py                           1           0  0.64s           2025-10-06T18:42:01
================================================================================
[2025-10-06T18:43:01.694+0000] {manager.py:878} INFO - 
================================================================================
DAG File Processing Stats

File Path                     PID    Runtime      # DAGs    # Errors  Last Runtime    Last Run
----------------------------  -----  ---------  --------  ----------  --------------  -------------------
/opt/airflow/dags/airflow.py                           1           0  0.62s           2025-10-06T18:42:32
================================================================================
[2025-10-06T18:43:31.890+0000] {manager.py:878} INFO - 
================================================================================
DAG File Processing Stats

File Path                     PID    Runtime      # DAGs    # Errors  Last Runtime    Last Run
----------------------------  -----  ---------  --------  ----------  --------------  -------------------
/opt/airflow/dags/airflow.py                           1           0  0.94s           2025-10-06T18:43:03
================================================================================
[2025-10-06T18:44:02.075+0000] {manager.py:878} INFO - 
================================================================================
DAG File Processing Stats

File Path                     PID    Runtime      # DAGs    # Errors  Last Runtime    Last Run
----------------------------  -----  ---------  --------  ----------  --------------  -------------------
/opt/airflow/dags/airflow.py                           1           0  0.90s           2025-10-06T18:43:34
================================================================================
[2025-10-06T18:44:32.192+0000] {manager.py:878} INFO - 
================================================================================
DAG File Processing Stats

File Path                     PID    Runtime      # DAGs    # Errors  Last Runtime    Last Run
----------------------------  -----  ---------  --------  ----------  --------------  -------------------
/opt/airflow/dags/airflow.py                           1           0  0.85s           2025-10-06T18:44:05
================================================================================
[2025-10-06T18:44:53.617+0000] {manager.py:737} INFO - Searching for files in /opt/airflow/dags
[2025-10-06T18:44:53.623+0000] {manager.py:740} INFO - There are 1 files in /opt/airflow/dags
[2025-10-06T18:45:02.708+0000] {manager.py:878} INFO - 
================================================================================
DAG File Processing Stats

File Path                     PID    Runtime      # DAGs    # Errors  Last Runtime    Last Run
----------------------------  -----  ---------  --------  ----------  --------------  -------------------
/opt/airflow/dags/airflow.py                           1           0  0.63s           2025-10-06T18:44:36
================================================================================
[2025-10-06T18:45:32.949+0000] {manager.py:878} INFO - 
================================================================================
DAG File Processing Stats

File Path                     PID    Runtime      # DAGs    # Errors  Last Runtime    Last Run
----------------------------  -----  ---------  --------  ----------  --------------  -------------------
/opt/airflow/dags/airflow.py                           1           0  0.74s           2025-10-06T18:45:07
================================================================================
[2025-10-06T18:46:03.249+0000] {manager.py:878} INFO - 
================================================================================
DAG File Processing Stats

File Path                     PID    Runtime      # DAGs    # Errors  Last Runtime    Last Run
----------------------------  -----  ---------  --------  ----------  --------------  -------------------
/opt/airflow/dags/airflow.py                           1           0  0.52s           2025-10-06T18:45:38
================================================================================
[2025-10-06T18:46:33.496+0000] {manager.py:878} INFO - 
================================================================================
DAG File Processing Stats

File Path                     PID    Runtime      # DAGs    # Errors  Last Runtime    Last Run
----------------------------  -----  ---------  --------  ----------  --------------  -------------------
/opt/airflow/dags/airflow.py                           1           0  0.66s           2025-10-06T18:46:09
================================================================================
[2025-10-06T18:47:03.849+0000] {manager.py:878} INFO - 
================================================================================
DAG File Processing Stats

File Path                     PID    Runtime      # DAGs    # Errors  Last Runtime    Last Run
----------------------------  -----  ---------  --------  ----------  --------------  -------------------
/opt/airflow/dags/airflow.py                           1           0  0.50s           2025-10-06T18:46:40
================================================================================
[2025-10-06T18:47:33.992+0000] {manager.py:878} INFO - 
================================================================================
DAG File Processing Stats

File Path                     PID    Runtime      # DAGs    # Errors  Last Runtime    Last Run
----------------------------  -----  ---------  --------  ----------  --------------  -------------------
/opt/airflow/dags/airflow.py                           1           0  0.54s           2025-10-06T18:47:10
================================================================================
[2025-10-06T18:48:04.707+0000] {manager.py:878} INFO - 
================================================================================
DAG File Processing Stats

File Path                     PID    Runtime      # DAGs    # Errors  Last Runtime    Last Run
----------------------------  -----  ---------  --------  ----------  --------------  -------------------
/opt/airflow/dags/airflow.py                           1           0  0.70s           2025-10-06T18:47:41
================================================================================
[2025-10-06T18:48:35.127+0000] {manager.py:878} INFO - 
================================================================================
DAG File Processing Stats

File Path                     PID    Runtime      # DAGs    # Errors  Last Runtime    Last Run
----------------------------  -----  ---------  --------  ----------  --------------  -------------------
/opt/airflow/dags/airflow.py                           1           0  0.55s           2025-10-06T18:48:12
================================================================================
[2025-10-06T18:49:05.214+0000] {manager.py:878} INFO - 
================================================================================
DAG File Processing Stats

File Path                     PID    Runtime      # DAGs    # Errors  Last Runtime    Last Run
----------------------------  -----  ---------  --------  ----------  --------------  -------------------
/opt/airflow/dags/airflow.py                           1           0  0.54s           2025-10-06T18:48:43
================================================================================
[2025-10-06T18:49:35.288+0000] {manager.py:878} INFO - 
================================================================================
DAG File Processing Stats

File Path                     PID    Runtime      # DAGs    # Errors  Last Runtime    Last Run
----------------------------  -----  ---------  --------  ----------  --------------  -------------------
/opt/airflow/dags/airflow.py                           1           0  0.83s           2025-10-06T18:49:14
================================================================================
[2025-10-06T18:49:53.945+0000] {manager.py:737} INFO - Searching for files in /opt/airflow/dags
[2025-10-06T18:49:53.955+0000] {manager.py:740} INFO - There are 1 files in /opt/airflow/dags
