[2025-10-06T18:38:00.585+0000] {local_task_job_runner.py:120} INFO - ::group::Pre task execution logs
[2025-10-06T18:38:00.593+0000] {taskinstance.py:2076} INFO - Dependencies all met for dep_context=non-requeueable deps ti=<TaskInstance: Airflow_Lab1.calculate_cluster_stats manual__2025-10-06T18:37:34.487617+00:00 [queued]>
[2025-10-06T18:38:00.596+0000] {taskinstance.py:2076} INFO - Dependencies all met for dep_context=requeueable deps ti=<TaskInstance: Airflow_Lab1.calculate_cluster_stats manual__2025-10-06T18:37:34.487617+00:00 [queued]>
[2025-10-06T18:38:00.596+0000] {taskinstance.py:2306} INFO - Starting attempt 1 of 1
[2025-10-06T18:38:00.600+0000] {taskinstance.py:2330} INFO - Executing <Task(PythonOperator): calculate_cluster_stats> on 2025-10-06 18:37:34.487617+00:00
[2025-10-06T18:38:00.604+0000] {warnings.py:112} WARNING - /home/***/.local/lib/python3.12/site-packages/***/task/task_runner/standard_task_runner.py:61: DeprecationWarning: This process (pid=840) is multi-threaded, use of fork() may lead to deadlocks in the child.
  pid = os.fork()

[2025-10-06T18:38:00.605+0000] {standard_task_runner.py:63} INFO - Started process 852 to run task
[2025-10-06T18:38:00.605+0000] {standard_task_runner.py:90} INFO - Running: ['***', 'tasks', 'run', 'Airflow_Lab1', 'calculate_cluster_stats', 'manual__2025-10-06T18:37:34.487617+00:00', '--job-id', '26', '--raw', '--subdir', 'DAGS_FOLDER/***.py', '--cfg-path', '/tmp/tmplzey_53r']
[2025-10-06T18:38:00.606+0000] {standard_task_runner.py:91} INFO - Job 26: Subtask calculate_cluster_stats
[2025-10-06T18:38:00.623+0000] {task_command.py:426} INFO - Running <TaskInstance: Airflow_Lab1.calculate_cluster_stats manual__2025-10-06T18:37:34.487617+00:00 [running]> on host a8f2a950ef1c
[2025-10-06T18:38:00.659+0000] {taskinstance.py:2648} INFO - Exporting env vars: AIRFLOW_CTX_DAG_OWNER='your_name' AIRFLOW_CTX_DAG_ID='Airflow_Lab1' AIRFLOW_CTX_TASK_ID='calculate_cluster_stats' AIRFLOW_CTX_EXECUTION_DATE='2025-10-06T18:37:34.487617+00:00' AIRFLOW_CTX_TRY_NUMBER='1' AIRFLOW_CTX_DAG_RUN_ID='manual__2025-10-06T18:37:34.487617+00:00'
[2025-10-06T18:38:00.659+0000] {taskinstance.py:430} INFO - ::endgroup::
[2025-10-06T18:38:00.849+0000] {logging_mixin.py:188} INFO - Cluster Counts: {0: 5541, 2: 2280, 1: 815}
[2025-10-06T18:38:00.849+0000] {logging_mixin.py:188} INFO - Cluster Centers:
[[0.04379098254655094, 0.012520800863003582, 0.07549283844152602], [0.3539537876227556, 0.04597105713578315, 0.3498421013676325], [0.08585620803229539, 0.03234155155075013, 0.2570190420809446]]
[2025-10-06T18:38:00.849+0000] {logging_mixin.py:188} INFO - Inertia (SSE): 91.64796947554566
[2025-10-06T18:38:00.849+0000] {python.py:237} INFO - Done. Returned value was: {'cluster_counts': {0: 5541, 2: 2280, 1: 815}, 'cluster_centers': [[0.04379098254655094, 0.012520800863003582, 0.07549283844152602], [0.3539537876227556, 0.04597105713578315, 0.3498421013676325], [0.08585620803229539, 0.03234155155075013, 0.2570190420809446]], 'inertia': 91.64796947554566}
[2025-10-06T18:38:00.849+0000] {taskinstance.py:441} INFO - ::group::Post task execution logs
[2025-10-06T18:38:00.859+0000] {taskinstance.py:1206} INFO - Marking task as SUCCESS. dag_id=Airflow_Lab1, task_id=calculate_cluster_stats, run_id=manual__2025-10-06T18:37:34.487617+00:00, execution_date=20251006T183734, start_date=20251006T183800, end_date=20251006T183800
[2025-10-06T18:38:00.876+0000] {local_task_job_runner.py:240} INFO - Task exited with return code 0
[2025-10-06T18:38:00.883+0000] {taskinstance.py:3503} INFO - 0 downstream tasks scheduled from follow-on schedule check
[2025-10-06T18:38:00.884+0000] {local_task_job_runner.py:222} INFO - ::endgroup::
